[251月2026 09:20:39.614] [main/INFO] [cpw.mods.modlauncher.Launcher/MODLAUNCHER]: ModLauncher running: args [--launchTarget, forgeserveruserdev, --gameDir, ., --fml.neoForgeVersion, 21.1.1, --fml.fmlVersion, 4.0.24, --fml.mcVersion, 1.21.1, --fml.neoFormVersion, 20240808.144430, --nogui]
[251月2026 09:20:39.618] [main/INFO] [cpw.mods.modlauncher.Launcher/MODLAUNCHER]: JVM identified as Oracle Corporation Java HotSpot(TM) 64-Bit Server VM 21.0.8+12-LTS-250
[251月2026 09:20:39.619] [main/INFO] [cpw.mods.modlauncher.Launcher/MODLAUNCHER]: ModLauncher 11.0.4+main.d2e20e43 starting: java version 21.0.8 by Oracle Corporation; OS Windows 11 arch amd64 version 10.0
[251月2026 09:20:39.766] [main/INFO] [net.neoforged.fml.loading.ImmediateWindowHandler/]: ImmediateWindowProvider not loading because launch target is forgeserveruserdev
[251月2026 09:20:39.819] [main/INFO] [mixin/]: SpongePowered MIXIN Subsystem Version=0.8.6 Source=union:/C:/Users/KawaiiMira/.gradle/caches/modules-2/files-2.1/net.fabricmc/sponge-mixin/0.14.0+mixin.0.8.6/c265173c84346e9e5d42a2384b2b02bd39a4a899/sponge-mixin-0.14.0+mixin.0.8.6.jar%2387!/ Service=ModLauncher Env=SERVER
[251月2026 09:20:40.200] [main/INFO] [net.neoforged.fml.loading.moddiscovery.locators.JarInJarDependencyLocator/]: Found 1 dependencies adding them to mods collection
[251月2026 09:20:40.417] [main/INFO] [net.neoforged.fml.loading.FMLServiceProvider/CORE]: Loading coremod script-engine for [neoforge]
[251月2026 09:20:41.659] [main/INFO] [cpw.mods.modlauncher.LaunchServiceHandler/MODLAUNCHER]: Launching target 'forgeserveruserdev' with arguments [--gameDir, ., --nogui]
[251月2026 09:20:42.585] [main/WARN] [oshi.driver.windows.perfmon.PerfmonDisabled/]: Invalid registry value type detected for PerfOS counters. Should be REG_DWORD. Ignoring: HKEY_LOCAL_MACHINE\SYSTEM\CurrentControlSet\Services\PerfOS\Performance\Disable Performance Counters.
[251月2026 09:20:42.900] [main/INFO] [MixinExtras|Service/]: Initializing MixinExtras via com.llamalad7.mixinextras.service.MixinExtrasServiceImpl(version=0.3.5).
[251月2026 09:20:48.027] [main/WARN] [net.minecraft.commands.Commands/]: Ambiguity between arguments [teleport, location] and [teleport, destination] with inputs: [0.1 -0.5 .9, 0 0 0]
[251月2026 09:20:48.028] [main/WARN] [net.minecraft.commands.Commands/]: Ambiguity between arguments [teleport, location] and [teleport, targets] with inputs: [0.1 -0.5 .9, 0 0 0]
[251月2026 09:20:48.030] [main/WARN] [net.minecraft.commands.Commands/]: Ambiguity between arguments [teleport, destination] and [teleport, targets] with inputs: [Player, 0123, @e, dd12be42-52a9-4a91-a8a1-11c01849e498]
[251月2026 09:20:48.031] [main/WARN] [net.minecraft.commands.Commands/]: Ambiguity between arguments [teleport, targets] and [teleport, destination] with inputs: [Player, 0123, dd12be42-52a9-4a91-a8a1-11c01849e498]
[251月2026 09:20:48.032] [main/WARN] [net.minecraft.commands.Commands/]: Ambiguity between arguments [teleport, targets, location] and [teleport, targets, destination] with inputs: [0.1 -0.5 .9, 0 0 0]
[251月2026 09:20:48.098] [modloading-worker-0/INFO] [com.mapbot.MapBot/]: MapBot Reforged 初始化开始...
[251月2026 09:20:48.108] [modloading-worker-0/INFO] [net.neoforged.neoforge.common.NeoForgeMod/NEOFORGE-MOD]: NeoForge mod loading, version 21.1.1, for MC 1.21.1
[251月2026 09:20:48.112] [modloading-worker-0/INFO] [com.mapbot.MapBot/]: 配置系统已注册: mapbot-common.toml
[251月2026 09:20:48.117] [modloading-worker-0/INFO] [com.mapbot.MapBot/]: MapBot Reforged 初始化完成 (Constructed).
[251月2026 09:20:48.371] [main/INFO] [com.mojang.authlib.yggdrasil.YggdrasilAuthenticationService/]: Environment: Environment[sessionHost=https://sessionserver.mojang.com, servicesHost=https://api.minecraftservices.com, name=PROD]
[251月2026 09:20:48.506] [main/WARN] [net.minecraft.server.packs.VanillaPackResourcesBuilder/]: Assets URL 'union:/D:/riserver/Mapbot2NeoForge/MapBot_Reforged/build/moddev/artifacts/neoforge-21.1.1.jar%23119!/assets/.mcassetsroot' uses unexpected schema
[251月2026 09:20:48.507] [main/WARN] [net.minecraft.server.packs.VanillaPackResourcesBuilder/]: Assets URL 'union:/D:/riserver/Mapbot2NeoForge/MapBot_Reforged/build/moddev/artifacts/neoforge-21.1.1.jar%23119!/data/.mcassetsroot' uses unexpected schema
[251月2026 09:20:49.213] [Worker-Main-3/INFO] [com.mapbot.MapBot/]: 已注册游戏命令: /mapbot cdk
[251月2026 09:20:49.418] [main/INFO] [net.minecraft.world.item.crafting.RecipeManager/]: Loaded 1290 recipes
[251月2026 09:20:49.633] [main/INFO] [net.minecraft.advancements.AdvancementTree/]: Loaded 1399 advancements
[251月2026 09:20:49.931] [Server thread/INFO] [net.minecraft.server.dedicated.DedicatedServer/]: Starting minecraft server version 1.21.1
[251月2026 09:20:49.932] [Server thread/INFO] [net.minecraft.server.dedicated.DedicatedServer/]: Loading properties
[251月2026 09:20:49.932] [Server thread/INFO] [net.minecraft.server.dedicated.DedicatedServer/]: Default game type: SURVIVAL
[251月2026 09:20:49.932] [Server thread/INFO] [net.minecraft.server.MinecraftServer/]: Generating keypair
[251月2026 09:20:49.994] [Server thread/INFO] [net.minecraft.server.dedicated.DedicatedServer/]: Starting Minecraft server on *:25565
[251月2026 09:20:50.064] [Server thread/INFO] [net.minecraft.server.network.ServerConnectionListener/]: Using default channel type
[251月2026 09:20:50.104] [Server thread/WARN] [net.minecraft.server.dedicated.DedicatedServer/]: **** SERVER IS RUNNING IN OFFLINE/INSECURE MODE!
[251月2026 09:20:50.104] [Server thread/WARN] [net.minecraft.server.dedicated.DedicatedServer/]: The server will make no attempt to authenticate usernames. Beware.
[251月2026 09:20:50.104] [Server thread/WARN] [net.minecraft.server.dedicated.DedicatedServer/]: While this makes the game possible to play without internet access, it also opens up the ability for hackers to connect with any username they choose.
[251月2026 09:20:50.104] [Server thread/WARN] [net.minecraft.server.dedicated.DedicatedServer/]: To change this, set "online-mode" to "true" in the server.properties file.
[251月2026 09:20:50.134] [Server thread/INFO] [net.minecraft.server.dedicated.DedicatedServer/]: Preparing level "world"
[251月2026 09:20:50.759] [Server thread/INFO] [net.minecraft.server.MinecraftServer/]: Preparing start region for dimension minecraft:overworld
[251月2026 09:20:50.977] [worldgen/INFO] [net.minecraft.server.level.progress.LoggerChunkProgressListener/]: Preparing spawn area: 0%
[251月2026 09:20:51.116] [Server thread/INFO] [net.minecraft.server.level.progress.LoggerChunkProgressListener/]: Time elapsed: 357 ms
[251月2026 09:20:51.116] [Server thread/INFO] [net.minecraft.server.dedicated.DedicatedServer/]: Done (1.003s)! For help, type "help"
[251月2026 09:20:51.129] [LanServerPinger #1/WARN] [net.minecraft.client.server.LanServerPinger/]: LanServerPinger: Network is unreachable: sendto
[251月2026 09:20:51.140] [Server thread/INFO] [net.neoforged.neoforge.gametest.GameTestHooks/]: Enabled Gametest Namespaces: [mapbot]
[251月2026 09:20:51.146] [Server thread/INFO] [net.neoforged.neoforge.server.permission.PermissionAPI/]: Successfully initialized permission handler neoforge:default_handler
[251月2026 09:20:51.146] [Server thread/INFO] [com.mapbot.MapBot/]: 服务器正在启动，准备连接到 NapCat...
[251月2026 09:20:51.149] [Server thread/INFO] [MapBot/Data/]: 数据文件路径: D:\riserver\Mapbot2NeoForge\MapBot_Reforged\run\config\mapbot_data.json
[251月2026 09:20:51.151] [Server thread/INFO] [MapBot/Data/]: 数据加载成功: 9 权限记录, 3 绑定, 0 禁言
[251月2026 09:20:51.151] [Server thread/INFO] [com.mapbot.MapBot/]: 数据管理器已初始化
[251月2026 09:20:51.158] [Server thread/INFO] [MapBot/Loot/]: 已加载奖池: 4 个稀有度组
[251月2026 09:20:51.158] [Server thread/INFO] [com.mapbot.MapBot/]: 奖池配置已初始化
[251月2026 09:20:51.160] [Server thread/INFO] [com.mapbot.MapBot/]: 目标群号: 875585697
[251月2026 09:20:51.162] [ForkJoinPool.commonPool-worker-1/INFO] [com.mapbot.network.BridgeClient/]: [Bridge] 正在连接 Alpha Core: 127.0.0.1:25561
[251月2026 09:20:51.163] [ForkJoinPool.commonPool-worker-1/INFO] [com.mapbot.network.BridgeClient/]: [Bridge] 已连接到 Alpha Core
[251月2026 09:20:51.163] [ForkJoinPool.commonPool-worker-1/INFO] [com.mapbot.network.BridgeClient/]: [Bridge] 已发送注册: default
[251月2026 09:20:51.165] [Server thread/INFO] [MapBot/Status/]: TPS 监控器已启动 (间隔 30 秒)
[251月2026 09:20:51.165] [Server thread/INFO] [MapBot/Event/]: 服务器启动完成，启动 TPS 监控器
[251月2026 09:20:51.165] [Server thread/WARN] [MapBot/Status/]: TPS 监控器已在运行
[251月2026 09:20:51.173] [Bridge-Reader/INFO] [com.mapbot.network.BridgeClient/]: [Bridge] 注册确认收到
[251月2026 09:21:55.463] [Server thread/INFO] [net.minecraft.server.players.PlayerList/]: Kawaii_Milk_awa[/127.0.0.1:3138] logged in with entity id 33 at (4.059883854262955, 64.0, 15.836500264543442)
[251月2026 09:21:55.550] [Server thread/INFO] [net.minecraft.server.MinecraftServer/]: Kawaii_Milk_awa joined the game
[251月2026 09:21:55.589] [Server thread/INFO] [MapBot/Event/]: 玩家加入: Kawaii_Milk_awa
[251月2026 09:22:09.870] [Server thread/INFO] [net.minecraft.server.MinecraftServer/]: [Not Secure] <Kawaii_Milk_awa> 1
[251月2026 09:25:52.821] [Bridge-Reader/WARN] [com.mapbot.network.BridgeClient/]: [Bridge] 连接断开: Connection reset
[251月2026 09:25:52.823] [Bridge-Reader/INFO] [com.mapbot.network.BridgeClient/]: [Bridge] 3秒后尝试重连...
