[152月2026 02:12:13.002] [main/INFO] [cpw.mods.modlauncher.Launcher/MODLAUNCHER]: ModLauncher running: args [--launchTarget, forgeserveruserdev, --gameDir, ., --fml.neoForgeVersion, 21.1.1, --fml.fmlVersion, 4.0.24, --fml.mcVersion, 1.21.1, --fml.neoFormVersion, 20240808.144430, --nogui]
[152月2026 02:12:13.010] [main/INFO] [cpw.mods.modlauncher.Launcher/MODLAUNCHER]: JVM identified as Oracle Corporation Java HotSpot(TM) 64-Bit Server VM 21.0.8+12-LTS-250
[152月2026 02:12:13.015] [main/INFO] [cpw.mods.modlauncher.Launcher/MODLAUNCHER]: ModLauncher 11.0.4+main.d2e20e43 starting: java version 21.0.8 by Oracle Corporation; OS Windows 11 arch amd64 version 10.0
[152月2026 02:12:13.422] [main/INFO] [net.neoforged.fml.loading.ImmediateWindowHandler/]: ImmediateWindowProvider not loading because launch target is forgeserveruserdev
[152月2026 02:12:13.645] [main/INFO] [mixin/]: SpongePowered MIXIN Subsystem Version=0.8.6 Source=union:/C:/Users/KawaiiMira/.gradle/caches/modules-2/files-2.1/net.fabricmc/sponge-mixin/0.14.0+mixin.0.8.6/c265173c84346e9e5d42a2384b2b02bd39a4a899/sponge-mixin-0.14.0+mixin.0.8.6.jar%2387!/ Service=ModLauncher Env=SERVER
[152月2026 02:12:14.590] [main/INFO] [net.neoforged.fml.loading.moddiscovery.locators.JarInJarDependencyLocator/]: Found 1 dependencies adding them to mods collection
[152月2026 02:12:15.127] [main/INFO] [net.neoforged.fml.loading.FMLServiceProvider/CORE]: Loading coremod script-engine for [neoforge]
[152月2026 02:12:18.375] [main/INFO] [cpw.mods.modlauncher.LaunchServiceHandler/MODLAUNCHER]: Launching target 'forgeserveruserdev' with arguments [--gameDir, ., --nogui]
[152月2026 02:12:20.006] [main/WARN] [oshi.driver.windows.perfmon.PerfmonDisabled/]: Invalid registry value type detected for PerfOS counters. Should be REG_DWORD. Ignoring: HKEY_LOCAL_MACHINE\SYSTEM\CurrentControlSet\Services\PerfOS\Performance\Disable Performance Counters.
[152月2026 02:12:20.568] [main/INFO] [MixinExtras|Service/]: Initializing MixinExtras via com.llamalad7.mixinextras.service.MixinExtrasServiceImpl(version=0.3.5).
[152月2026 02:12:32.631] [main/WARN] [net.minecraft.commands.Commands/]: Ambiguity between arguments [teleport, location] and [teleport, destination] with inputs: [0.1 -0.5 .9, 0 0 0]
[152月2026 02:12:32.633] [main/WARN] [net.minecraft.commands.Commands/]: Ambiguity between arguments [teleport, location] and [teleport, targets] with inputs: [0.1 -0.5 .9, 0 0 0]
[152月2026 02:12:32.636] [main/WARN] [net.minecraft.commands.Commands/]: Ambiguity between arguments [teleport, destination] and [teleport, targets] with inputs: [Player, 0123, @e, dd12be42-52a9-4a91-a8a1-11c01849e498]
[152月2026 02:12:32.641] [main/WARN] [net.minecraft.commands.Commands/]: Ambiguity between arguments [teleport, targets] and [teleport, destination] with inputs: [Player, 0123, dd12be42-52a9-4a91-a8a1-11c01849e498]
[152月2026 02:12:32.643] [main/WARN] [net.minecraft.commands.Commands/]: Ambiguity between arguments [teleport, targets, location] and [teleport, targets, destination] with inputs: [0.1 -0.5 .9, 0 0 0]
[152月2026 02:12:32.927] [modloading-worker-0/INFO] [com.mapbot.MapBot/]: MapBot Reforged 初始化开始...
[152月2026 02:12:32.987] [modloading-worker-0/INFO] [net.neoforged.neoforge.common.NeoForgeMod/NEOFORGE-MOD]: NeoForge mod loading, version 21.1.1, for MC 1.21.1
[152月2026 02:12:32.995] [modloading-worker-0/INFO] [com.mapbot.MapBot/]: 配置系统已注册: mapbot-common.toml
[152月2026 02:12:33.004] [modloading-worker-0/INFO] [com.mapbot.MapBot/]: MapBot Reforged 初始化完成 (Constructed).
[152月2026 02:12:33.569] [main/INFO] [com.mojang.authlib.yggdrasil.YggdrasilAuthenticationService/]: Environment: Environment[sessionHost=https://sessionserver.mojang.com, servicesHost=https://api.minecraftservices.com, name=PROD]
[152月2026 02:12:33.919] [main/WARN] [net.minecraft.server.packs.VanillaPackResourcesBuilder/]: Assets URL 'union:/D:/axm/mcs/MapBot2NeoForge/MapBot_Reforged/build/moddev/artifacts/neoforge-21.1.1.jar%23119!/assets/.mcassetsroot' uses unexpected schema
[152月2026 02:12:33.920] [main/WARN] [net.minecraft.server.packs.VanillaPackResourcesBuilder/]: Assets URL 'union:/D:/axm/mcs/MapBot2NeoForge/MapBot_Reforged/build/moddev/artifacts/neoforge-21.1.1.jar%23119!/data/.mcassetsroot' uses unexpected schema
[152月2026 02:12:35.653] [Worker-Main-3/INFO] [com.mapbot.MapBot/]: 已注册游戏命令: /mapbot cdk, /server <server_name>
[152月2026 02:12:36.194] [main/INFO] [net.minecraft.world.item.crafting.RecipeManager/]: Loaded 1290 recipes
[152月2026 02:12:36.730] [main/INFO] [net.minecraft.advancements.AdvancementTree/]: Loaded 1399 advancements
[152月2026 02:12:37.388] [Server thread/INFO] [net.minecraft.server.dedicated.DedicatedServer/]: Starting minecraft server version 1.21.1
[152月2026 02:12:37.389] [Server thread/INFO] [net.minecraft.server.dedicated.DedicatedServer/]: Loading properties
[152月2026 02:12:37.389] [Server thread/INFO] [net.minecraft.server.dedicated.DedicatedServer/]: Default game type: SURVIVAL
[152月2026 02:12:37.389] [Server thread/INFO] [net.minecraft.server.MinecraftServer/]: Generating keypair
[152月2026 02:12:37.527] [Server thread/INFO] [net.minecraft.server.dedicated.DedicatedServer/]: Starting Minecraft server on *:25565
[152月2026 02:12:37.660] [Server thread/INFO] [net.minecraft.server.network.ServerConnectionListener/]: Using default channel type
[152月2026 02:12:37.725] [Server thread/WARN] [net.minecraft.server.dedicated.DedicatedServer/]: **** SERVER IS RUNNING IN OFFLINE/INSECURE MODE!
[152月2026 02:12:37.726] [Server thread/WARN] [net.minecraft.server.dedicated.DedicatedServer/]: The server will make no attempt to authenticate usernames. Beware.
[152月2026 02:12:37.726] [Server thread/WARN] [net.minecraft.server.dedicated.DedicatedServer/]: While this makes the game possible to play without internet access, it also opens up the ability for hackers to connect with any username they choose.
[152月2026 02:12:37.726] [Server thread/WARN] [net.minecraft.server.dedicated.DedicatedServer/]: To change this, set "online-mode" to "true" in the server.properties file.
[152月2026 02:12:37.801] [Server thread/INFO] [net.minecraft.server.dedicated.DedicatedServer/]: Preparing level "world"
[152月2026 02:12:39.021] [Server thread/INFO] [net.minecraft.server.MinecraftServer/]: Preparing start region for dimension minecraft:overworld
[152月2026 02:12:39.680] [worldgen/INFO] [net.minecraft.server.level.progress.LoggerChunkProgressListener/]: Preparing spawn area: 0%
[152月2026 02:12:39.681] [worldgen/INFO] [net.minecraft.server.level.progress.LoggerChunkProgressListener/]: Preparing spawn area: 0%
[152月2026 02:12:40.155] [Server thread/INFO] [net.minecraft.server.level.progress.LoggerChunkProgressListener/]: Time elapsed: 1133 ms
[152月2026 02:12:40.156] [Server thread/INFO] [net.minecraft.server.dedicated.DedicatedServer/]: Done (2.408s)! For help, type "help"
[152月2026 02:12:40.181] [LanServerPinger #1/WARN] [net.minecraft.client.server.LanServerPinger/]: LanServerPinger: No route to host: sendto
[152月2026 02:12:40.223] [Server thread/INFO] [net.neoforged.neoforge.gametest.GameTestHooks/]: Enabled Gametest Namespaces: [mapbot]
[152月2026 02:12:40.252] [Server thread/INFO] [net.neoforged.neoforge.server.permission.PermissionAPI/]: Successfully initialized permission handler neoforge:default_handler
[152月2026 02:12:40.252] [Server thread/INFO] [com.mapbot.MapBot/]: 服务器正在启动，准备连接到 NapCat...
[152月2026 02:12:40.283] [Server thread/INFO] [MapBot/Loot/]: 已加载奖池: 4 个稀有度组
[152月2026 02:12:40.283] [Server thread/INFO] [com.mapbot.MapBot/]: 奖池配置已初始化
[152月2026 02:12:40.291] [Server thread/INFO] [com.mapbot.MapBot/]: 签到缓存已初始化
[152月2026 02:12:40.293] [Server thread/INFO] [com.mapbot.MapBot/]: 目标群号: 875585697
[152月2026 02:12:40.294] [Server thread/INFO] [com.mapbot.MapBot/]: 检测到 Alpha 中枢模式，已禁用 Reforged 直连 OneBot（避免重复处理 QQ 指令）
[152月2026 02:12:40.314] [Server thread/WARN] [com.mapbot.network.BridgeClient/]: [Bridge] alphaPort=25561 属于保留端口段 25560-25566，已自动回退到 25661
[152月2026 02:12:40.318] [MapBot-Bridge/INFO] [com.mapbot.network.BridgeClient/]: [Bridge] 正在连接到 Alpha Core: 127.0.0.1:25661
[152月2026 02:12:40.319] [MapBot-Bridge/INFO] [com.mapbot.network.BridgeClient/]: [Bridge] 已连接到 Alpha Core
[152月2026 02:12:40.331] [Server thread/INFO] [MapBot/Status/]: TPS 监控器已启动 (间隔 30 秒)
[152月2026 02:12:40.333] [Server thread/INFO] [MapBot/Event/]: 服务器启动完成，启动 TPS 监控器
[152月2026 02:12:40.334] [Server thread/WARN] [MapBot/Status/]: TPS 监控器已在运行
[152月2026 02:12:40.388] [MapBot-Bridge/INFO] [com.mapbot.network.BridgeClient/]: [Bridge] 注册成功: serverId=survival
[152月2026 02:13:31.416] [MapBot-Bridge/ERROR] [com.mapbot.network.BridgeClient/]: [Bridge] 读取消息失败: Connection reset
[152月2026 02:13:31.416] [MapBot-Bridge/INFO] [com.mapbot.network.BridgeClient/]: [Bridge] 3秒后尝试重连...
[152月2026 02:13:34.417] [MapBot-Bridge/INFO] [com.mapbot.network.BridgeClient/]: [Bridge] 正在连接到 Alpha Core: 127.0.0.1:25661
[152月2026 02:13:34.419] [MapBot-Bridge/ERROR] [com.mapbot.network.BridgeClient/]: [Bridge] 连接/会话异常: Connection refused: connect
[152月2026 02:13:34.419] [MapBot-Bridge/INFO] [com.mapbot.network.BridgeClient/]: [Bridge] 3秒后尝试重连...
[152月2026 02:13:37.420] [MapBot-Bridge/INFO] [com.mapbot.network.BridgeClient/]: [Bridge] 正在连接到 Alpha Core: 127.0.0.1:25661
[152月2026 02:13:37.421] [MapBot-Bridge/ERROR] [com.mapbot.network.BridgeClient/]: [Bridge] 连接/会话异常: Connection refused: connect
[152月2026 02:13:37.421] [MapBot-Bridge/INFO] [com.mapbot.network.BridgeClient/]: [Bridge] 3秒后尝试重连...
[152月2026 02:13:40.422] [MapBot-Bridge/INFO] [com.mapbot.network.BridgeClient/]: [Bridge] 正在连接到 Alpha Core: 127.0.0.1:25661
[152月2026 02:13:40.423] [MapBot-Bridge/INFO] [com.mapbot.network.BridgeClient/]: [Bridge] 已连接到 Alpha Core
[152月2026 02:13:40.457] [MapBot-Bridge/INFO] [com.mapbot.network.BridgeClient/]: [Bridge] 注册成功: serverId=survival
