2026-02-15 00:02:37 [ERROR] Mapbot/Network/Proxy - 代理异常
java.lang.NullPointerException: Cannot invoke "io.netty.channel.Channel.isActive()" because "this.outboundChannel" is null
	at com.mapbot.alpha.network.MinecraftProxyHandler.channelRead(MinecraftProxyHandler.java:52)
	at io.netty.channel.AbstractChannelHandlerContext.invokeChannelRead(AbstractChannelHandlerContext.java:444)
	at io.netty.channel.AbstractChannelHandlerContext.invokeChannelRead(AbstractChannelHandlerContext.java:420)
	at io.netty.channel.AbstractChannelHandlerContext.fireChannelRead(AbstractChannelHandlerContext.java:412)
	at io.netty.handler.codec.ByteToMessageDecoder.handlerRemoved(ByteToMessageDecoder.java:266)
	at io.netty.handler.codec.ByteToMessageDecoder.decodeRemovalReentryProtection(ByteToMessageDecoder.java:536)
	at io.netty.handler.codec.ByteToMessageDecoder.callDecode(ByteToMessageDecoder.java:468)
	at io.netty.handler.codec.ByteToMessageDecoder.channelRead(ByteToMessageDecoder.java:290)
	at io.netty.channel.AbstractChannelHandlerContext.invokeChannelRead(AbstractChannelHandlerContext.java:444)
	at io.netty.channel.AbstractChannelHandlerContext.invokeChannelRead(AbstractChannelHandlerContext.java:420)
	at io.netty.channel.AbstractChannelHandlerContext.fireChannelRead(AbstractChannelHandlerContext.java:412)
	at io.netty.channel.DefaultChannelPipeline$HeadContext.channelRead(DefaultChannelPipeline.java:1410)
	at io.netty.channel.AbstractChannelHandlerContext.invokeChannelRead(AbstractChannelHandlerContext.java:440)
	at io.netty.channel.AbstractChannelHandlerContext.invokeChannelRead(AbstractChannelHandlerContext.java:420)
	at io.netty.channel.DefaultChannelPipeline.fireChannelRead(DefaultChannelPipeline.java:919)
	at io.netty.channel.nio.AbstractNioByteChannel$NioByteUnsafe.read(AbstractNioByteChannel.java:166)
	at io.netty.channel.nio.NioEventLoop.processSelectedKey(NioEventLoop.java:788)
	at io.netty.channel.nio.NioEventLoop.processSelectedKeysOptimized(NioEventLoop.java:724)
	at io.netty.channel.nio.NioEventLoop.processSelectedKeys(NioEventLoop.java:650)
	at io.netty.channel.nio.NioEventLoop.run(NioEventLoop.java:562)
	at io.netty.util.concurrent.SingleThreadEventExecutor$4.run(SingleThreadEventExecutor.java:997)
	at io.netty.util.internal.ThreadExecutorMap$2.run(ThreadExecutorMap.java:74)
	at io.netty.util.concurrent.FastThreadLocalRunnable.run(FastThreadLocalRunnable.java:30)
	at java.base/java.lang.Thread.run(Thread.java:1583)
2026-02-15 00:02:37 [ERROR] Mapbot/Network/Proxy - 代理异常
java.lang.NullPointerException: Cannot invoke "io.netty.channel.Channel.isActive()" because "this.outboundChannel" is null
	at com.mapbot.alpha.network.MinecraftProxyHandler.channelRead(MinecraftProxyHandler.java:52)
	at io.netty.channel.AbstractChannelHandlerContext.invokeChannelRead(AbstractChannelHandlerContext.java:444)
	at io.netty.channel.AbstractChannelHandlerContext.invokeChannelRead(AbstractChannelHandlerContext.java:420)
	at io.netty.channel.AbstractChannelHandlerContext.fireChannelRead(AbstractChannelHandlerContext.java:412)
	at io.netty.handler.codec.ByteToMessageDecoder.handlerRemoved(ByteToMessageDecoder.java:266)
	at io.netty.handler.codec.ByteToMessageDecoder.decodeRemovalReentryProtection(ByteToMessageDecoder.java:536)
	at io.netty.handler.codec.ByteToMessageDecoder.callDecode(ByteToMessageDecoder.java:468)
	at io.netty.handler.codec.ByteToMessageDecoder.channelRead(ByteToMessageDecoder.java:290)
	at io.netty.channel.AbstractChannelHandlerContext.invokeChannelRead(AbstractChannelHandlerContext.java:444)
	at io.netty.channel.AbstractChannelHandlerContext.invokeChannelRead(AbstractChannelHandlerContext.java:420)
	at io.netty.channel.AbstractChannelHandlerContext.fireChannelRead(AbstractChannelHandlerContext.java:412)
	at io.netty.channel.DefaultChannelPipeline$HeadContext.channelRead(DefaultChannelPipeline.java:1410)
	at io.netty.channel.AbstractChannelHandlerContext.invokeChannelRead(AbstractChannelHandlerContext.java:440)
	at io.netty.channel.AbstractChannelHandlerContext.invokeChannelRead(AbstractChannelHandlerContext.java:420)
	at io.netty.channel.DefaultChannelPipeline.fireChannelRead(DefaultChannelPipeline.java:919)
	at io.netty.channel.nio.AbstractNioByteChannel$NioByteUnsafe.read(AbstractNioByteChannel.java:166)
	at io.netty.channel.nio.NioEventLoop.processSelectedKey(NioEventLoop.java:788)
	at io.netty.channel.nio.NioEventLoop.processSelectedKeysOptimized(NioEventLoop.java:724)
	at io.netty.channel.nio.NioEventLoop.processSelectedKeys(NioEventLoop.java:650)
	at io.netty.channel.nio.NioEventLoop.run(NioEventLoop.java:562)
	at io.netty.util.concurrent.SingleThreadEventExecutor$4.run(SingleThreadEventExecutor.java:997)
	at io.netty.util.internal.ThreadExecutorMap$2.run(ThreadExecutorMap.java:74)
	at io.netty.util.concurrent.FastThreadLocalRunnable.run(FastThreadLocalRunnable.java:30)
	at java.base/java.lang.Thread.run(Thread.java:1583)
2026-02-15 00:02:43 [ERROR] Mapbot/Network/Proxy - 代理异常
java.lang.NullPointerException: Cannot invoke "io.netty.channel.Channel.isActive()" because "this.outboundChannel" is null
	at com.mapbot.alpha.network.MinecraftProxyHandler.channelRead(MinecraftProxyHandler.java:52)
	at io.netty.channel.AbstractChannelHandlerContext.invokeChannelRead(AbstractChannelHandlerContext.java:444)
	at io.netty.channel.AbstractChannelHandlerContext.invokeChannelRead(AbstractChannelHandlerContext.java:420)
	at io.netty.channel.AbstractChannelHandlerContext.fireChannelRead(AbstractChannelHandlerContext.java:412)
	at io.netty.handler.codec.ByteToMessageDecoder.handlerRemoved(ByteToMessageDecoder.java:266)
	at io.netty.handler.codec.ByteToMessageDecoder.decodeRemovalReentryProtection(ByteToMessageDecoder.java:536)
	at io.netty.handler.codec.ByteToMessageDecoder.callDecode(ByteToMessageDecoder.java:468)
	at io.netty.handler.codec.ByteToMessageDecoder.channelRead(ByteToMessageDecoder.java:290)
	at io.netty.channel.AbstractChannelHandlerContext.invokeChannelRead(AbstractChannelHandlerContext.java:444)
	at io.netty.channel.AbstractChannelHandlerContext.invokeChannelRead(AbstractChannelHandlerContext.java:420)
	at io.netty.channel.AbstractChannelHandlerContext.fireChannelRead(AbstractChannelHandlerContext.java:412)
	at io.netty.channel.DefaultChannelPipeline$HeadContext.channelRead(DefaultChannelPipeline.java:1410)
	at io.netty.channel.AbstractChannelHandlerContext.invokeChannelRead(AbstractChannelHandlerContext.java:440)
	at io.netty.channel.AbstractChannelHandlerContext.invokeChannelRead(AbstractChannelHandlerContext.java:420)
	at io.netty.channel.DefaultChannelPipeline.fireChannelRead(DefaultChannelPipeline.java:919)
	at io.netty.channel.nio.AbstractNioByteChannel$NioByteUnsafe.read(AbstractNioByteChannel.java:166)
	at io.netty.channel.nio.NioEventLoop.processSelectedKey(NioEventLoop.java:788)
	at io.netty.channel.nio.NioEventLoop.processSelectedKeysOptimized(NioEventLoop.java:724)
	at io.netty.channel.nio.NioEventLoop.processSelectedKeys(NioEventLoop.java:650)
	at io.netty.channel.nio.NioEventLoop.run(NioEventLoop.java:562)
	at io.netty.util.concurrent.SingleThreadEventExecutor$4.run(SingleThreadEventExecutor.java:997)
	at io.netty.util.internal.ThreadExecutorMap$2.run(ThreadExecutorMap.java:74)
	at io.netty.util.concurrent.FastThreadLocalRunnable.run(FastThreadLocalRunnable.java:30)
	at java.base/java.lang.Thread.run(Thread.java:1583)
2026-02-15 00:02:44 [ERROR] Mapbot/Network/Proxy - 代理异常
java.lang.NullPointerException: Cannot invoke "io.netty.channel.Channel.isActive()" because "this.outboundChannel" is null
	at com.mapbot.alpha.network.MinecraftProxyHandler.channelRead(MinecraftProxyHandler.java:52)
	at io.netty.channel.AbstractChannelHandlerContext.invokeChannelRead(AbstractChannelHandlerContext.java:444)
	at io.netty.channel.AbstractChannelHandlerContext.invokeChannelRead(AbstractChannelHandlerContext.java:420)
	at io.netty.channel.AbstractChannelHandlerContext.fireChannelRead(AbstractChannelHandlerContext.java:412)
	at io.netty.handler.codec.ByteToMessageDecoder.handlerRemoved(ByteToMessageDecoder.java:266)
	at io.netty.handler.codec.ByteToMessageDecoder.decodeRemovalReentryProtection(ByteToMessageDecoder.java:536)
	at io.netty.handler.codec.ByteToMessageDecoder.callDecode(ByteToMessageDecoder.java:468)
	at io.netty.handler.codec.ByteToMessageDecoder.channelRead(ByteToMessageDecoder.java:290)
	at io.netty.channel.AbstractChannelHandlerContext.invokeChannelRead(AbstractChannelHandlerContext.java:444)
	at io.netty.channel.AbstractChannelHandlerContext.invokeChannelRead(AbstractChannelHandlerContext.java:420)
	at io.netty.channel.AbstractChannelHandlerContext.fireChannelRead(AbstractChannelHandlerContext.java:412)
	at io.netty.channel.DefaultChannelPipeline$HeadContext.channelRead(DefaultChannelPipeline.java:1410)
	at io.netty.channel.AbstractChannelHandlerContext.invokeChannelRead(AbstractChannelHandlerContext.java:440)
	at io.netty.channel.AbstractChannelHandlerContext.invokeChannelRead(AbstractChannelHandlerContext.java:420)
	at io.netty.channel.DefaultChannelPipeline.fireChannelRead(DefaultChannelPipeline.java:919)
	at io.netty.channel.nio.AbstractNioByteChannel$NioByteUnsafe.read(AbstractNioByteChannel.java:166)
	at io.netty.channel.nio.NioEventLoop.processSelectedKey(NioEventLoop.java:788)
	at io.netty.channel.nio.NioEventLoop.processSelectedKeysOptimized(NioEventLoop.java:724)
	at io.netty.channel.nio.NioEventLoop.processSelectedKeys(NioEventLoop.java:650)
	at io.netty.channel.nio.NioEventLoop.run(NioEventLoop.java:562)
	at io.netty.util.concurrent.SingleThreadEventExecutor$4.run(SingleThreadEventExecutor.java:997)
	at io.netty.util.internal.ThreadExecutorMap$2.run(ThreadExecutorMap.java:74)
	at io.netty.util.concurrent.FastThreadLocalRunnable.run(FastThreadLocalRunnable.java:30)
	at java.base/java.lang.Thread.run(Thread.java:1583)
2026-02-15 00:02:44 [ERROR] Mapbot/Network/Proxy - 代理异常
java.lang.NullPointerException: Cannot invoke "io.netty.channel.Channel.isActive()" because "this.outboundChannel" is null
	at com.mapbot.alpha.network.MinecraftProxyHandler.channelRead(MinecraftProxyHandler.java:52)
	at io.netty.channel.AbstractChannelHandlerContext.invokeChannelRead(AbstractChannelHandlerContext.java:444)
	at io.netty.channel.AbstractChannelHandlerContext.invokeChannelRead(AbstractChannelHandlerContext.java:420)
	at io.netty.channel.AbstractChannelHandlerContext.fireChannelRead(AbstractChannelHandlerContext.java:412)
	at io.netty.handler.codec.ByteToMessageDecoder.handlerRemoved(ByteToMessageDecoder.java:266)
	at io.netty.handler.codec.ByteToMessageDecoder.decodeRemovalReentryProtection(ByteToMessageDecoder.java:536)
	at io.netty.handler.codec.ByteToMessageDecoder.callDecode(ByteToMessageDecoder.java:468)
	at io.netty.handler.codec.ByteToMessageDecoder.channelRead(ByteToMessageDecoder.java:290)
	at io.netty.channel.AbstractChannelHandlerContext.invokeChannelRead(AbstractChannelHandlerContext.java:444)
	at io.netty.channel.AbstractChannelHandlerContext.invokeChannelRead(AbstractChannelHandlerContext.java:420)
	at io.netty.channel.AbstractChannelHandlerContext.fireChannelRead(AbstractChannelHandlerContext.java:412)
	at io.netty.channel.DefaultChannelPipeline$HeadContext.channelRead(DefaultChannelPipeline.java:1410)
	at io.netty.channel.AbstractChannelHandlerContext.invokeChannelRead(AbstractChannelHandlerContext.java:440)
	at io.netty.channel.AbstractChannelHandlerContext.invokeChannelRead(AbstractChannelHandlerContext.java:420)
	at io.netty.channel.DefaultChannelPipeline.fireChannelRead(DefaultChannelPipeline.java:919)
	at io.netty.channel.nio.AbstractNioByteChannel$NioByteUnsafe.read(AbstractNioByteChannel.java:166)
	at io.netty.channel.nio.NioEventLoop.processSelectedKey(NioEventLoop.java:788)
	at io.netty.channel.nio.NioEventLoop.processSelectedKeysOptimized(NioEventLoop.java:724)
	at io.netty.channel.nio.NioEventLoop.processSelectedKeys(NioEventLoop.java:650)
	at io.netty.channel.nio.NioEventLoop.run(NioEventLoop.java:562)
	at io.netty.util.concurrent.SingleThreadEventExecutor$4.run(SingleThreadEventExecutor.java:997)
	at io.netty.util.internal.ThreadExecutorMap$2.run(ThreadExecutorMap.java:74)
	at io.netty.util.concurrent.FastThreadLocalRunnable.run(FastThreadLocalRunnable.java:30)
	at java.base/java.lang.Thread.run(Thread.java:1583)
2026-02-15 00:02:44 [ERROR] Mapbot/Network/Proxy - 代理异常
java.lang.NullPointerException: Cannot invoke "io.netty.channel.Channel.isActive()" because "this.outboundChannel" is null
	at com.mapbot.alpha.network.MinecraftProxyHandler.channelRead(MinecraftProxyHandler.java:52)
	at io.netty.channel.AbstractChannelHandlerContext.invokeChannelRead(AbstractChannelHandlerContext.java:444)
	at io.netty.channel.AbstractChannelHandlerContext.invokeChannelRead(AbstractChannelHandlerContext.java:420)
	at io.netty.channel.AbstractChannelHandlerContext.fireChannelRead(AbstractChannelHandlerContext.java:412)
	at io.netty.handler.codec.ByteToMessageDecoder.handlerRemoved(ByteToMessageDecoder.java:266)
	at io.netty.handler.codec.ByteToMessageDecoder.decodeRemovalReentryProtection(ByteToMessageDecoder.java:536)
	at io.netty.handler.codec.ByteToMessageDecoder.callDecode(ByteToMessageDecoder.java:468)
	at io.netty.handler.codec.ByteToMessageDecoder.channelRead(ByteToMessageDecoder.java:290)
	at io.netty.channel.AbstractChannelHandlerContext.invokeChannelRead(AbstractChannelHandlerContext.java:444)
	at io.netty.channel.AbstractChannelHandlerContext.invokeChannelRead(AbstractChannelHandlerContext.java:420)
	at io.netty.channel.AbstractChannelHandlerContext.fireChannelRead(AbstractChannelHandlerContext.java:412)
	at io.netty.channel.DefaultChannelPipeline$HeadContext.channelRead(DefaultChannelPipeline.java:1410)
	at io.netty.channel.AbstractChannelHandlerContext.invokeChannelRead(AbstractChannelHandlerContext.java:440)
	at io.netty.channel.AbstractChannelHandlerContext.invokeChannelRead(AbstractChannelHandlerContext.java:420)
	at io.netty.channel.DefaultChannelPipeline.fireChannelRead(DefaultChannelPipeline.java:919)
	at io.netty.channel.nio.AbstractNioByteChannel$NioByteUnsafe.read(AbstractNioByteChannel.java:166)
	at io.netty.channel.nio.NioEventLoop.processSelectedKey(NioEventLoop.java:788)
	at io.netty.channel.nio.NioEventLoop.processSelectedKeysOptimized(NioEventLoop.java:724)
	at io.netty.channel.nio.NioEventLoop.processSelectedKeys(NioEventLoop.java:650)
	at io.netty.channel.nio.NioEventLoop.run(NioEventLoop.java:562)
	at io.netty.util.concurrent.SingleThreadEventExecutor$4.run(SingleThreadEventExecutor.java:997)
	at io.netty.util.internal.ThreadExecutorMap$2.run(ThreadExecutorMap.java:74)
	at io.netty.util.concurrent.FastThreadLocalRunnable.run(FastThreadLocalRunnable.java:30)
	at java.base/java.lang.Thread.run(Thread.java:1583)
2026-02-15 00:02:45 [ERROR] Mapbot/Network/Proxy - 代理异常
java.lang.NullPointerException: Cannot invoke "io.netty.channel.Channel.isActive()" because "this.outboundChannel" is null
	at com.mapbot.alpha.network.MinecraftProxyHandler.channelRead(MinecraftProxyHandler.java:52)
	at io.netty.channel.AbstractChannelHandlerContext.invokeChannelRead(AbstractChannelHandlerContext.java:444)
	at io.netty.channel.AbstractChannelHandlerContext.invokeChannelRead(AbstractChannelHandlerContext.java:420)
	at io.netty.channel.AbstractChannelHandlerContext.fireChannelRead(AbstractChannelHandlerContext.java:412)
	at io.netty.handler.codec.ByteToMessageDecoder.handlerRemoved(ByteToMessageDecoder.java:266)
	at io.netty.handler.codec.ByteToMessageDecoder.decodeRemovalReentryProtection(ByteToMessageDecoder.java:536)
	at io.netty.handler.codec.ByteToMessageDecoder.callDecode(ByteToMessageDecoder.java:468)
	at io.netty.handler.codec.ByteToMessageDecoder.channelRead(ByteToMessageDecoder.java:290)
	at io.netty.channel.AbstractChannelHandlerContext.invokeChannelRead(AbstractChannelHandlerContext.java:444)
	at io.netty.channel.AbstractChannelHandlerContext.invokeChannelRead(AbstractChannelHandlerContext.java:420)
	at io.netty.channel.AbstractChannelHandlerContext.fireChannelRead(AbstractChannelHandlerContext.java:412)
	at io.netty.channel.DefaultChannelPipeline$HeadContext.channelRead(DefaultChannelPipeline.java:1410)
	at io.netty.channel.AbstractChannelHandlerContext.invokeChannelRead(AbstractChannelHandlerContext.java:440)
	at io.netty.channel.AbstractChannelHandlerContext.invokeChannelRead(AbstractChannelHandlerContext.java:420)
	at io.netty.channel.DefaultChannelPipeline.fireChannelRead(DefaultChannelPipeline.java:919)
	at io.netty.channel.nio.AbstractNioByteChannel$NioByteUnsafe.read(AbstractNioByteChannel.java:166)
	at io.netty.channel.nio.NioEventLoop.processSelectedKey(NioEventLoop.java:788)
	at io.netty.channel.nio.NioEventLoop.processSelectedKeysOptimized(NioEventLoop.java:724)
	at io.netty.channel.nio.NioEventLoop.processSelectedKeys(NioEventLoop.java:650)
	at io.netty.channel.nio.NioEventLoop.run(NioEventLoop.java:562)
	at io.netty.util.concurrent.SingleThreadEventExecutor$4.run(SingleThreadEventExecutor.java:997)
	at io.netty.util.internal.ThreadExecutorMap$2.run(ThreadExecutorMap.java:74)
	at io.netty.util.concurrent.FastThreadLocalRunnable.run(FastThreadLocalRunnable.java:30)
	at java.base/java.lang.Thread.run(Thread.java:1583)
2026-02-15 00:02:45 [ERROR] Mapbot/Network/Proxy - 代理异常
java.lang.NullPointerException: Cannot invoke "io.netty.channel.Channel.isActive()" because "this.outboundChannel" is null
	at com.mapbot.alpha.network.MinecraftProxyHandler.channelRead(MinecraftProxyHandler.java:52)
	at io.netty.channel.AbstractChannelHandlerContext.invokeChannelRead(AbstractChannelHandlerContext.java:444)
	at io.netty.channel.AbstractChannelHandlerContext.invokeChannelRead(AbstractChannelHandlerContext.java:420)
	at io.netty.channel.AbstractChannelHandlerContext.fireChannelRead(AbstractChannelHandlerContext.java:412)
	at io.netty.handler.codec.ByteToMessageDecoder.handlerRemoved(ByteToMessageDecoder.java:266)
	at io.netty.handler.codec.ByteToMessageDecoder.decodeRemovalReentryProtection(ByteToMessageDecoder.java:536)
	at io.netty.handler.codec.ByteToMessageDecoder.callDecode(ByteToMessageDecoder.java:468)
	at io.netty.handler.codec.ByteToMessageDecoder.channelRead(ByteToMessageDecoder.java:290)
	at io.netty.channel.AbstractChannelHandlerContext.invokeChannelRead(AbstractChannelHandlerContext.java:444)
	at io.netty.channel.AbstractChannelHandlerContext.invokeChannelRead(AbstractChannelHandlerContext.java:420)
	at io.netty.channel.AbstractChannelHandlerContext.fireChannelRead(AbstractChannelHandlerContext.java:412)
	at io.netty.channel.DefaultChannelPipeline$HeadContext.channelRead(DefaultChannelPipeline.java:1410)
	at io.netty.channel.AbstractChannelHandlerContext.invokeChannelRead(AbstractChannelHandlerContext.java:440)
	at io.netty.channel.AbstractChannelHandlerContext.invokeChannelRead(AbstractChannelHandlerContext.java:420)
	at io.netty.channel.DefaultChannelPipeline.fireChannelRead(DefaultChannelPipeline.java:919)
	at io.netty.channel.nio.AbstractNioByteChannel$NioByteUnsafe.read(AbstractNioByteChannel.java:166)
	at io.netty.channel.nio.NioEventLoop.processSelectedKey(NioEventLoop.java:788)
	at io.netty.channel.nio.NioEventLoop.processSelectedKeysOptimized(NioEventLoop.java:724)
	at io.netty.channel.nio.NioEventLoop.processSelectedKeys(NioEventLoop.java:650)
	at io.netty.channel.nio.NioEventLoop.run(NioEventLoop.java:562)
	at io.netty.util.concurrent.SingleThreadEventExecutor$4.run(SingleThreadEventExecutor.java:997)
	at io.netty.util.internal.ThreadExecutorMap$2.run(ThreadExecutorMap.java:74)
	at io.netty.util.concurrent.FastThreadLocalRunnable.run(FastThreadLocalRunnable.java:30)
	at java.base/java.lang.Thread.run(Thread.java:1583)
2026-02-15 00:02:45 [ERROR] Mapbot/Network/Proxy - 代理异常
java.lang.NullPointerException: Cannot invoke "io.netty.channel.Channel.isActive()" because "this.outboundChannel" is null
	at com.mapbot.alpha.network.MinecraftProxyHandler.channelRead(MinecraftProxyHandler.java:52)
	at io.netty.channel.AbstractChannelHandlerContext.invokeChannelRead(AbstractChannelHandlerContext.java:444)
	at io.netty.channel.AbstractChannelHandlerContext.invokeChannelRead(AbstractChannelHandlerContext.java:420)
	at io.netty.channel.AbstractChannelHandlerContext.fireChannelRead(AbstractChannelHandlerContext.java:412)
	at io.netty.handler.codec.ByteToMessageDecoder.handlerRemoved(ByteToMessageDecoder.java:266)
	at io.netty.handler.codec.ByteToMessageDecoder.decodeRemovalReentryProtection(ByteToMessageDecoder.java:536)
	at io.netty.handler.codec.ByteToMessageDecoder.callDecode(ByteToMessageDecoder.java:468)
	at io.netty.handler.codec.ByteToMessageDecoder.channelRead(ByteToMessageDecoder.java:290)
	at io.netty.channel.AbstractChannelHandlerContext.invokeChannelRead(AbstractChannelHandlerContext.java:444)
	at io.netty.channel.AbstractChannelHandlerContext.invokeChannelRead(AbstractChannelHandlerContext.java:420)
	at io.netty.channel.AbstractChannelHandlerContext.fireChannelRead(AbstractChannelHandlerContext.java:412)
	at io.netty.channel.DefaultChannelPipeline$HeadContext.channelRead(DefaultChannelPipeline.java:1410)
	at io.netty.channel.AbstractChannelHandlerContext.invokeChannelRead(AbstractChannelHandlerContext.java:440)
	at io.netty.channel.AbstractChannelHandlerContext.invokeChannelRead(AbstractChannelHandlerContext.java:420)
	at io.netty.channel.DefaultChannelPipeline.fireChannelRead(DefaultChannelPipeline.java:919)
	at io.netty.channel.nio.AbstractNioByteChannel$NioByteUnsafe.read(AbstractNioByteChannel.java:166)
	at io.netty.channel.nio.NioEventLoop.processSelectedKey(NioEventLoop.java:788)
	at io.netty.channel.nio.NioEventLoop.processSelectedKeysOptimized(NioEventLoop.java:724)
	at io.netty.channel.nio.NioEventLoop.processSelectedKeys(NioEventLoop.java:650)
	at io.netty.channel.nio.NioEventLoop.run(NioEventLoop.java:562)
	at io.netty.util.concurrent.SingleThreadEventExecutor$4.run(SingleThreadEventExecutor.java:997)
	at io.netty.util.internal.ThreadExecutorMap$2.run(ThreadExecutorMap.java:74)
	at io.netty.util.concurrent.FastThreadLocalRunnable.run(FastThreadLocalRunnable.java:30)
	at java.base/java.lang.Thread.run(Thread.java:1583)
2026-02-15 00:43:44 [ERROR] Mapbot/Bridge/Handler - Bridge 连接异常: creative
java.net.SocketException: Connection reset
	at java.base/sun.nio.ch.SocketChannelImpl.throwConnectionReset(SocketChannelImpl.java:401)
	at java.base/sun.nio.ch.SocketChannelImpl.read(SocketChannelImpl.java:434)
	at io.netty.buffer.PooledByteBuf.setBytes(PooledByteBuf.java:254)
	at io.netty.buffer.AbstractByteBuf.writeBytes(AbstractByteBuf.java:1132)
	at io.netty.channel.socket.nio.NioSocketChannel.doReadBytes(NioSocketChannel.java:357)
	at io.netty.channel.nio.AbstractNioByteChannel$NioByteUnsafe.read(AbstractNioByteChannel.java:151)
	at io.netty.channel.nio.NioEventLoop.processSelectedKey(NioEventLoop.java:788)
	at io.netty.channel.nio.NioEventLoop.processSelectedKeysOptimized(NioEventLoop.java:724)
	at io.netty.channel.nio.NioEventLoop.processSelectedKeys(NioEventLoop.java:650)
	at io.netty.channel.nio.NioEventLoop.run(NioEventLoop.java:562)
	at io.netty.util.concurrent.SingleThreadEventExecutor$4.run(SingleThreadEventExecutor.java:997)
	at io.netty.util.internal.ThreadExecutorMap$2.run(ThreadExecutorMap.java:74)
	at io.netty.util.concurrent.FastThreadLocalRunnable.run(FastThreadLocalRunnable.java:30)
	at java.base/java.lang.Thread.run(Thread.java:1583)
2026-02-15 00:43:44 [INFO] Mapbot/Bridge/Registry - 服务器已注销: creative (剩余连接数: 1)
2026-02-15 00:43:44 [INFO] Mapbot/Bridge/Handler - 服务器断开连接: creative
2026-02-15 00:45:07 [INFO] Mapbot/Alpha - ==============================================
2026-02-15 00:45:07 [INFO] Mapbot/Alpha -   Mapbot Alpha V1 - 多服中枢
2026-02-15 00:45:07 [INFO] Mapbot/Alpha -   STEP 13: Reforged 功能完整移植版
2026-02-15 00:45:07 [INFO] Mapbot/Alpha - ==============================================
2026-02-15 00:45:07 [INFO] Mapbot/Config - 配置已加载: playerGroup=875585697, adminGroup=885810515, botQQ=2133782376, redisEnabled=true
2026-02-15 00:45:07 [INFO] Mapbot/Alpha - [CONFIG] 配置已加载
2026-02-15 00:45:07 [INFO] Mapbot/Redis - Redis 连接成功: PONG
2026-02-15 00:45:07 [INFO] c.mapbot.alpha.security.AuthManager - Bridge 鉴权已启用，允许 serverId 数量: 3
2026-02-15 00:45:07 [INFO] Mapbot/Redis - 已开始订阅频道: mapbot:auth:sync
2026-02-15 00:45:07 [INFO] c.mapbot.alpha.security.AuthManager - AuthManager Redis 同步已开启
2026-02-15 00:45:07 [INFO] Mapbot/Alpha - [AUTH] 认证管理器已初始化
2026-02-15 00:45:07 [INFO] Mapbot/Data - Redis 全量同步完成: bindings=2, mutes=0, perms=0, admins=1
2026-02-15 00:45:07 [INFO] Mapbot/Redis - 已开始订阅频道: mapbot:sync
2026-02-15 00:45:07 [INFO] Mapbot/Data - Redis 数据同步已开启
2026-02-15 00:45:07 [INFO] Mapbot/Data - 数据管理器初始化完成: 2 绑定, 0 禁言, 1 管理员
2026-02-15 00:45:07 [INFO] Mapbot/Alpha - [DATA] 数据管理器已初始化
2026-02-15 00:45:07 [INFO] Mapbot/Inbound - 命令系统初始化完成: 23 个命令
2026-02-15 00:45:07 [INFO] Mapbot/Alpha - [COMMAND] 命令系统已初始化
2026-02-15 00:45:07 [INFO] Mapbot/BotClient - 正在连接 OneBot: ws://127.0.0.1:7000
2026-02-15 00:45:07 [INFO] Mapbot/Alpha - [ONEBOT] 正在连接: ws://127.0.0.1:7000
2026-02-15 00:45:07 [INFO] Mapbot/Alpha - [NETWORK] 智能分流端口: 25560
2026-02-15 00:45:07 [INFO] Mapbot/Alpha - [NETWORK] Bridge 端口: 25661
2026-02-15 00:45:07 [INFO] Mapbot/Alpha - [NETWORK] MC 转发目标: 127.0.0.1:25570
2026-02-15 00:45:07 [INFO] Mapbot/BotClient - OneBot WebSocket 已打开
2026-02-15 00:45:07 [INFO] Mapbot/Inbound - OneBot 生命周期: connect
2026-02-15 00:45:07 [INFO] Mapbot/BotClient - OneBot 连接成功
2026-02-15 00:45:07 [INFO] Mapbot/Bridge - Bridge 服务器已启动，监听端口: 25661
2026-02-15 00:45:07 [INFO] Mapbot/Alpha - [BRIDGE] Bridge 服务器已启动: 25661
2026-02-15 00:45:08 [INFO] c.m.alpha.metrics.MetricsStorage - 已加载历史指标数据 (保存于 1 分钟 前)
2026-02-15 00:45:08 [INFO] c.m.alpha.metrics.MetricsStorage - 指标存储已初始化
2026-02-15 00:45:08 [INFO] Mapbot/Alpha - [METRICS] 指标存储已加载
2026-02-15 00:45:08 [INFO] c.m.alpha.metrics.MetricsCollector - 性能指标收集器已启动
2026-02-15 00:45:08 [INFO] Mapbot/Alpha - [METRICS] 性能指标收集器已启动
2026-02-15 00:45:08 [INFO] Mapbot/Alpha - [SYSTEM] 核心已就绪，监听端口: 25560
2026-02-15 00:45:08 [INFO] Mapbot/Alpha - ==============================================
2026-02-15 00:45:33 [INFO] Mapbot/Bridge/Handler - 新的 Bridge 连接: /127.0.0.1:2823
2026-02-15 00:45:33 [INFO] Mapbot/Bridge - Bridge 注册鉴权通过: survival (/127.0.0.1:2823)
2026-02-15 00:45:33 [INFO] Mapbot/Bridge/Registry - 服务器已注册: survival (当前连接数: 1)
2026-02-15 00:45:33 [INFO] Mapbot/Bridge/Handler - 服务器已注册: survival (版本: 1.0)
2026-02-15 00:46:20 [INFO] Mapbot/Bridge/Handler - 新的 Bridge 连接: /127.0.0.1:3345
2026-02-15 00:46:20 [INFO] Mapbot/Bridge - Bridge 注册鉴权通过: creative (/127.0.0.1:3345)
2026-02-15 00:46:20 [INFO] Mapbot/Bridge/Registry - 服务器已注册: creative (当前连接数: 2)
2026-02-15 00:46:20 [INFO] Mapbot/Bridge/Handler - 服务器已注册: creative (版本: 1.0)
2026-02-15 00:46:20 [INFO] Mapbot/Bridge/Handler - 服务器转移地址: creative -> 127.0.0.1:25562
2026-02-15 00:47:11 [ERROR] Mapbot/Bridge/Handler - Bridge 连接异常: creative
java.net.SocketException: Connection reset
	at java.base/sun.nio.ch.SocketChannelImpl.throwConnectionReset(SocketChannelImpl.java:401)
	at java.base/sun.nio.ch.SocketChannelImpl.read(SocketChannelImpl.java:434)
	at io.netty.buffer.PooledByteBuf.setBytes(PooledByteBuf.java:254)
	at io.netty.buffer.AbstractByteBuf.writeBytes(AbstractByteBuf.java:1132)
	at io.netty.channel.socket.nio.NioSocketChannel.doReadBytes(NioSocketChannel.java:357)
	at io.netty.channel.nio.AbstractNioByteChannel$NioByteUnsafe.read(AbstractNioByteChannel.java:151)
	at io.netty.channel.nio.NioEventLoop.processSelectedKey(NioEventLoop.java:788)
	at io.netty.channel.nio.NioEventLoop.processSelectedKeysOptimized(NioEventLoop.java:724)
	at io.netty.channel.nio.NioEventLoop.processSelectedKeys(NioEventLoop.java:650)
	at io.netty.channel.nio.NioEventLoop.run(NioEventLoop.java:562)
	at io.netty.util.concurrent.SingleThreadEventExecutor$4.run(SingleThreadEventExecutor.java:997)
	at io.netty.util.internal.ThreadExecutorMap$2.run(ThreadExecutorMap.java:74)
	at io.netty.util.concurrent.FastThreadLocalRunnable.run(FastThreadLocalRunnable.java:30)
	at java.base/java.lang.Thread.run(Thread.java:1583)
2026-02-15 00:47:11 [INFO] Mapbot/Bridge/Registry - 服务器已注销: creative (剩余连接数: 1)
2026-02-15 00:47:11 [INFO] Mapbot/Bridge/Handler - 服务器断开连接: creative
2026-02-15 00:47:46 [INFO] Mapbot/Bridge/Handler - 新的 Bridge 连接: /127.0.0.1:11916
2026-02-15 00:47:46 [INFO] Mapbot/Bridge - Bridge 注册鉴权通过: creative (/127.0.0.1:11916)
2026-02-15 00:47:46 [INFO] Mapbot/Bridge/Registry - 服务器已注册: creative (当前连接数: 2)
2026-02-15 00:47:46 [INFO] Mapbot/Bridge/Handler - 服务器已注册: creative (版本: 1.0)
2026-02-15 00:47:46 [INFO] Mapbot/Bridge/Handler - 服务器转移地址: creative -> 127.0.0.1:25562
2026-02-15 00:48:07 [WARN] Mapbot/Bridge/Proxy - 请求超时: switch_server
2026-02-15 00:52:51 [ERROR] Mapbot/Bridge/Handler - Bridge 连接异常: survival
java.net.SocketException: Connection reset
	at java.base/sun.nio.ch.SocketChannelImpl.throwConnectionReset(SocketChannelImpl.java:401)
	at java.base/sun.nio.ch.SocketChannelImpl.read(SocketChannelImpl.java:434)
	at io.netty.buffer.PooledByteBuf.setBytes(PooledByteBuf.java:254)
	at io.netty.buffer.AbstractByteBuf.writeBytes(AbstractByteBuf.java:1132)
	at io.netty.channel.socket.nio.NioSocketChannel.doReadBytes(NioSocketChannel.java:357)
	at io.netty.channel.nio.AbstractNioByteChannel$NioByteUnsafe.read(AbstractNioByteChannel.java:151)
	at io.netty.channel.nio.NioEventLoop.processSelectedKey(NioEventLoop.java:788)
	at io.netty.channel.nio.NioEventLoop.processSelectedKeysOptimized(NioEventLoop.java:724)
	at io.netty.channel.nio.NioEventLoop.processSelectedKeys(NioEventLoop.java:650)
	at io.netty.channel.nio.NioEventLoop.run(NioEventLoop.java:562)
	at io.netty.util.concurrent.SingleThreadEventExecutor$4.run(SingleThreadEventExecutor.java:997)
	at io.netty.util.internal.ThreadExecutorMap$2.run(ThreadExecutorMap.java:74)
	at io.netty.util.concurrent.FastThreadLocalRunnable.run(FastThreadLocalRunnable.java:30)
	at java.base/java.lang.Thread.run(Thread.java:1583)
2026-02-15 00:52:51 [INFO] Mapbot/Bridge/Registry - 服务器已注销: survival (剩余连接数: 1)
2026-02-15 00:52:51 [INFO] Mapbot/Bridge/Handler - 服务器断开连接: survival
2026-02-15 00:53:58 [INFO] Mapbot/Alpha - ==============================================
2026-02-15 00:53:58 [INFO] Mapbot/Alpha -   Mapbot Alpha V1 - 多服中枢
2026-02-15 00:53:58 [INFO] Mapbot/Alpha -   STEP 13: Reforged 功能完整移植版
2026-02-15 00:53:58 [INFO] Mapbot/Alpha - ==============================================
2026-02-15 00:53:58 [INFO] Mapbot/Config - 配置已加载: playerGroup=875585697, adminGroup=885810515, botQQ=2133782376, redisEnabled=true
2026-02-15 00:53:58 [INFO] Mapbot/Alpha - [CONFIG] 配置已加载
2026-02-15 00:53:58 [INFO] Mapbot/Redis - Redis 连接成功: PONG
2026-02-15 00:53:58 [INFO] c.mapbot.alpha.security.AuthManager - Bridge 鉴权已启用，允许 serverId 数量: 3
2026-02-15 00:53:58 [INFO] Mapbot/Redis - 已开始订阅频道: mapbot:auth:sync
2026-02-15 00:53:58 [INFO] c.mapbot.alpha.security.AuthManager - AuthManager Redis 同步已开启
2026-02-15 00:53:58 [INFO] Mapbot/Alpha - [AUTH] 认证管理器已初始化
2026-02-15 00:53:58 [INFO] Mapbot/Data - Redis 全量同步完成: bindings=2, mutes=0, perms=0, admins=1
2026-02-15 00:53:58 [INFO] Mapbot/Redis - 已开始订阅频道: mapbot:sync
2026-02-15 00:53:58 [INFO] Mapbot/Data - Redis 数据同步已开启
2026-02-15 00:53:58 [INFO] Mapbot/Data - 数据管理器初始化完成: 2 绑定, 0 禁言, 1 管理员
2026-02-15 00:53:58 [INFO] Mapbot/Alpha - [DATA] 数据管理器已初始化
2026-02-15 00:53:58 [INFO] Mapbot/Inbound - 命令系统初始化完成: 23 个命令
2026-02-15 00:53:58 [INFO] Mapbot/Alpha - [COMMAND] 命令系统已初始化
2026-02-15 00:53:58 [INFO] Mapbot/BotClient - 正在连接 OneBot: ws://127.0.0.1:7000
2026-02-15 00:53:58 [INFO] Mapbot/Alpha - [ONEBOT] 正在连接: ws://127.0.0.1:7000
2026-02-15 00:53:58 [INFO] Mapbot/Alpha - [NETWORK] 智能分流端口: 25560
2026-02-15 00:53:58 [INFO] Mapbot/Alpha - [NETWORK] Bridge 端口: 25661
2026-02-15 00:53:58 [INFO] Mapbot/Alpha - [NETWORK] MC 转发目标: 127.0.0.1:25570
2026-02-15 00:53:58 [INFO] Mapbot/BotClient - OneBot WebSocket 已打开
2026-02-15 00:53:58 [INFO] Mapbot/BotClient - OneBot 连接成功
2026-02-15 00:53:58 [INFO] Mapbot/Inbound - OneBot 生命周期: connect
2026-02-15 00:53:58 [INFO] Mapbot/Bridge - Bridge 服务器已启动，监听端口: 25661
2026-02-15 00:53:58 [INFO] Mapbot/Alpha - [BRIDGE] Bridge 服务器已启动: 25661
2026-02-15 00:53:58 [INFO] c.m.alpha.metrics.MetricsStorage - 已加载历史指标数据 (保存于 1 分钟 前)
2026-02-15 00:53:58 [INFO] c.m.alpha.metrics.MetricsStorage - 指标存储已初始化
2026-02-15 00:53:58 [INFO] Mapbot/Alpha - [METRICS] 指标存储已加载
2026-02-15 00:53:58 [INFO] c.m.alpha.metrics.MetricsCollector - 性能指标收集器已启动
2026-02-15 00:53:58 [INFO] Mapbot/Alpha - [METRICS] 性能指标收集器已启动
2026-02-15 00:53:58 [INFO] Mapbot/Alpha - [SYSTEM] 核心已就绪，监听端口: 25560
2026-02-15 00:53:58 [INFO] Mapbot/Alpha - ==============================================
2026-02-15 00:53:59 [INFO] Mapbot/Bridge/Handler - 新的 Bridge 连接: /127.0.0.1:3423
2026-02-15 00:53:59 [INFO] Mapbot/Bridge - Bridge 注册鉴权通过: creative (/127.0.0.1:3423)
2026-02-15 00:53:59 [INFO] Mapbot/Bridge/Registry - 服务器已注册: creative (当前连接数: 1)
2026-02-15 00:53:59 [INFO] Mapbot/Bridge/Handler - 服务器已注册: creative (版本: 1.0)
2026-02-15 00:53:59 [INFO] Mapbot/Bridge/Handler - 服务器转移地址: creative -> 127.0.0.1:25562
2026-02-15 00:54:02 [ERROR] Mapbot/Bridge/Handler - Bridge 连接异常: creative
java.net.SocketException: Connection reset
	at java.base/sun.nio.ch.SocketChannelImpl.throwConnectionReset(SocketChannelImpl.java:401)
	at java.base/sun.nio.ch.SocketChannelImpl.read(SocketChannelImpl.java:434)
	at io.netty.buffer.PooledByteBuf.setBytes(PooledByteBuf.java:254)
	at io.netty.buffer.AbstractByteBuf.writeBytes(AbstractByteBuf.java:1132)
	at io.netty.channel.socket.nio.NioSocketChannel.doReadBytes(NioSocketChannel.java:357)
	at io.netty.channel.nio.AbstractNioByteChannel$NioByteUnsafe.read(AbstractNioByteChannel.java:151)
	at io.netty.channel.nio.NioEventLoop.processSelectedKey(NioEventLoop.java:788)
	at io.netty.channel.nio.NioEventLoop.processSelectedKeysOptimized(NioEventLoop.java:724)
	at io.netty.channel.nio.NioEventLoop.processSelectedKeys(NioEventLoop.java:650)
	at io.netty.channel.nio.NioEventLoop.run(NioEventLoop.java:562)
	at io.netty.util.concurrent.SingleThreadEventExecutor$4.run(SingleThreadEventExecutor.java:997)
	at io.netty.util.internal.ThreadExecutorMap$2.run(ThreadExecutorMap.java:74)
	at io.netty.util.concurrent.FastThreadLocalRunnable.run(FastThreadLocalRunnable.java:30)
	at java.base/java.lang.Thread.run(Thread.java:1583)
2026-02-15 00:54:02 [INFO] Mapbot/Bridge/Registry - 服务器已注销: creative (剩余连接数: 0)
2026-02-15 00:54:02 [INFO] Mapbot/Bridge/Handler - 服务器断开连接: creative
2026-02-15 00:54:22 [INFO] Mapbot/Bridge/Handler - 新的 Bridge 连接: /127.0.0.1:3562
2026-02-15 00:54:22 [INFO] Mapbot/Bridge - Bridge 注册鉴权通过: survival (/127.0.0.1:3562)
2026-02-15 00:54:22 [INFO] Mapbot/Bridge/Registry - 服务器已注册: survival (当前连接数: 1)
2026-02-15 00:54:22 [INFO] Mapbot/Bridge/Handler - 服务器已注册: survival (版本: 1.0)
2026-02-15 00:54:49 [INFO] Mapbot/Bridge/Handler - 新的 Bridge 连接: /127.0.0.1:3769
2026-02-15 00:54:49 [INFO] Mapbot/Bridge - Bridge 注册鉴权通过: creative (/127.0.0.1:3769)
2026-02-15 00:54:49 [INFO] Mapbot/Bridge/Registry - 服务器已注册: creative (当前连接数: 2)
2026-02-15 00:54:49 [INFO] Mapbot/Bridge/Handler - 服务器已注册: creative (版本: 1.0)
2026-02-15 00:54:49 [INFO] Mapbot/Bridge/Handler - 服务器转移地址: creative -> 127.0.0.1:25562
2026-02-15 00:55:19 [WARN] Mapbot/Bridge/Proxy - 请求超时: switch_server
2026-02-15 00:55:32 [INFO] Mapbot/Data - Redis 全量同步完成: bindings=1, mutes=0, perms=0, admins=1
2026-02-15 00:55:38 [INFO] Mapbot/Data - Redis 全量同步完成: bindings=2, mutes=0, perms=0, admins=1
2026-02-15 00:59:29 [ERROR] Mapbot/Bridge/Handler - Bridge 连接异常: survival
java.net.SocketException: Connection reset
	at java.base/sun.nio.ch.SocketChannelImpl.throwConnectionReset(SocketChannelImpl.java:401)
	at java.base/sun.nio.ch.SocketChannelImpl.read(SocketChannelImpl.java:434)
	at io.netty.buffer.PooledByteBuf.setBytes(PooledByteBuf.java:254)
	at io.netty.buffer.AbstractByteBuf.writeBytes(AbstractByteBuf.java:1132)
	at io.netty.channel.socket.nio.NioSocketChannel.doReadBytes(NioSocketChannel.java:357)
	at io.netty.channel.nio.AbstractNioByteChannel$NioByteUnsafe.read(AbstractNioByteChannel.java:151)
	at io.netty.channel.nio.NioEventLoop.processSelectedKey(NioEventLoop.java:788)
	at io.netty.channel.nio.NioEventLoop.processSelectedKeysOptimized(NioEventLoop.java:724)
	at io.netty.channel.nio.NioEventLoop.processSelectedKeys(NioEventLoop.java:650)
	at io.netty.channel.nio.NioEventLoop.run(NioEventLoop.java:562)
	at io.netty.util.concurrent.SingleThreadEventExecutor$4.run(SingleThreadEventExecutor.java:997)
	at io.netty.util.internal.ThreadExecutorMap$2.run(ThreadExecutorMap.java:74)
	at io.netty.util.concurrent.FastThreadLocalRunnable.run(FastThreadLocalRunnable.java:30)
	at java.base/java.lang.Thread.run(Thread.java:1583)
2026-02-15 00:59:29 [INFO] Mapbot/Bridge/Registry - 服务器已注销: survival (剩余连接数: 1)
2026-02-15 00:59:29 [INFO] Mapbot/Bridge/Handler - 服务器断开连接: survival
2026-02-15 01:13:33 [INFO] Mapbot/Alpha - ==============================================
2026-02-15 01:13:33 [INFO] Mapbot/Alpha -   Mapbot Alpha V1 - 多服中枢
2026-02-15 01:13:33 [INFO] Mapbot/Alpha -   STEP 13: Reforged 功能完整移植版
2026-02-15 01:13:33 [INFO] Mapbot/Alpha - ==============================================
2026-02-15 01:13:33 [INFO] Mapbot/Config - 配置已加载: playerGroup=875585697, adminGroup=885810515, botQQ=2133782376, redisEnabled=true
2026-02-15 01:13:33 [INFO] Mapbot/Alpha - [CONFIG] 配置已加载
2026-02-15 01:13:33 [INFO] Mapbot/Redis - Redis 连接成功: PONG
2026-02-15 01:13:33 [INFO] c.mapbot.alpha.security.AuthManager - Bridge 鉴权已启用，允许 serverId 数量: 3
2026-02-15 01:13:33 [INFO] Mapbot/Redis - 已开始订阅频道: mapbot:auth:sync
2026-02-15 01:13:33 [INFO] c.mapbot.alpha.security.AuthManager - AuthManager Redis 同步已开启
2026-02-15 01:13:33 [INFO] Mapbot/Alpha - [AUTH] 认证管理器已初始化
2026-02-15 01:13:33 [INFO] Mapbot/Data - Redis 全量同步完成: bindings=2, mutes=0, perms=0, admins=1
2026-02-15 01:13:33 [INFO] Mapbot/Redis - 已开始订阅频道: mapbot:sync
2026-02-15 01:13:33 [INFO] Mapbot/Data - Redis 数据同步已开启
2026-02-15 01:13:33 [INFO] Mapbot/Data - 数据管理器初始化完成: 2 绑定, 0 禁言, 1 管理员
2026-02-15 01:13:33 [INFO] Mapbot/Alpha - [DATA] 数据管理器已初始化
2026-02-15 01:13:33 [INFO] Mapbot/Inbound - 命令系统初始化完成: 23 个命令
2026-02-15 01:13:33 [INFO] Mapbot/Alpha - [COMMAND] 命令系统已初始化
2026-02-15 01:13:33 [INFO] Mapbot/BotClient - 正在连接 OneBot: ws://127.0.0.1:7000
2026-02-15 01:13:33 [INFO] Mapbot/Alpha - [ONEBOT] 正在连接: ws://127.0.0.1:7000
2026-02-15 01:13:33 [INFO] Mapbot/Alpha - [NETWORK] 智能分流端口: 25560
2026-02-15 01:13:33 [INFO] Mapbot/Alpha - [NETWORK] Bridge 端口: 25661
2026-02-15 01:13:33 [INFO] Mapbot/Alpha - [NETWORK] MC 转发目标: 127.0.0.1:25570
2026-02-15 01:13:33 [INFO] Mapbot/BotClient - OneBot WebSocket 已打开
2026-02-15 01:13:33 [INFO] Mapbot/Inbound - OneBot 生命周期: connect
2026-02-15 01:13:33 [INFO] Mapbot/BotClient - OneBot 连接成功
2026-02-15 01:13:33 [INFO] Mapbot/Bridge - Bridge 服务器已启动，监听端口: 25661
2026-02-15 01:13:33 [INFO] Mapbot/Alpha - [BRIDGE] Bridge 服务器已启动: 25661
2026-02-15 01:13:33 [INFO] c.m.alpha.metrics.MetricsStorage - 已加载历史指标数据 (保存于 14 分钟 前)
2026-02-15 01:13:33 [INFO] c.m.alpha.metrics.MetricsStorage - 指标存储已初始化
2026-02-15 01:13:33 [INFO] Mapbot/Alpha - [METRICS] 指标存储已加载
2026-02-15 01:13:33 [INFO] c.m.alpha.metrics.MetricsCollector - 性能指标收集器已启动
2026-02-15 01:13:33 [INFO] Mapbot/Alpha - [METRICS] 性能指标收集器已启动
2026-02-15 01:13:33 [INFO] Mapbot/Alpha - [SYSTEM] 核心已就绪，监听端口: 25560
2026-02-15 01:13:33 [INFO] Mapbot/Alpha - ==============================================
2026-02-15 01:13:56 [INFO] Mapbot/Bridge/Handler - 新的 Bridge 连接: /127.0.0.1:3234
2026-02-15 01:13:56 [INFO] Mapbot/Bridge - Bridge 注册鉴权通过: survival (/127.0.0.1:3234)
2026-02-15 01:13:56 [INFO] Mapbot/Bridge/Registry - 服务器已注册: survival (当前连接数: 1)
2026-02-15 01:13:56 [INFO] Mapbot/Bridge/Handler - 服务器已注册: survival (版本: 1.0)
2026-02-15 01:13:56 [INFO] Mapbot/Bridge/Proxy - 白名单快照同步完成: serverId=survival, success=2, skipped=0, failed=0
2026-02-15 01:14:00 [ERROR] Mapbot/Bridge/Handler - Bridge 连接异常: survival
java.net.SocketException: Connection reset
	at java.base/sun.nio.ch.SocketChannelImpl.throwConnectionReset(SocketChannelImpl.java:401)
	at java.base/sun.nio.ch.SocketChannelImpl.read(SocketChannelImpl.java:434)
	at io.netty.buffer.PooledByteBuf.setBytes(PooledByteBuf.java:254)
	at io.netty.buffer.AbstractByteBuf.writeBytes(AbstractByteBuf.java:1132)
	at io.netty.channel.socket.nio.NioSocketChannel.doReadBytes(NioSocketChannel.java:357)
	at io.netty.channel.nio.AbstractNioByteChannel$NioByteUnsafe.read(AbstractNioByteChannel.java:151)
	at io.netty.channel.nio.NioEventLoop.processSelectedKey(NioEventLoop.java:788)
	at io.netty.channel.nio.NioEventLoop.processSelectedKeysOptimized(NioEventLoop.java:724)
	at io.netty.channel.nio.NioEventLoop.processSelectedKeys(NioEventLoop.java:650)
	at io.netty.channel.nio.NioEventLoop.run(NioEventLoop.java:562)
	at io.netty.util.concurrent.SingleThreadEventExecutor$4.run(SingleThreadEventExecutor.java:997)
	at io.netty.util.internal.ThreadExecutorMap$2.run(ThreadExecutorMap.java:74)
	at io.netty.util.concurrent.FastThreadLocalRunnable.run(FastThreadLocalRunnable.java:30)
	at java.base/java.lang.Thread.run(Thread.java:1583)
2026-02-15 01:14:00 [INFO] Mapbot/Bridge/Registry - 服务器已注销: survival (剩余连接数: 0)
2026-02-15 01:14:00 [INFO] Mapbot/Bridge/Handler - 服务器断开连接: survival
2026-02-15 01:14:22 [INFO] Mapbot/Bridge/Handler - 新的 Bridge 连接: /127.0.0.1:3416
2026-02-15 01:14:22 [INFO] Mapbot/Bridge - Bridge 注册鉴权通过: survival (/127.0.0.1:3416)
2026-02-15 01:14:22 [INFO] Mapbot/Bridge/Registry - 服务器已注册: survival (当前连接数: 1)
2026-02-15 01:14:22 [INFO] Mapbot/Bridge/Handler - 服务器已注册: survival (版本: 1.0)
2026-02-15 01:14:22 [INFO] Mapbot/Bridge/Proxy - 白名单快照同步完成: serverId=survival, success=2, skipped=0, failed=0
2026-02-15 01:25:32 [ERROR] Mapbot/Bridge/Handler - Bridge 连接异常: survival
java.net.SocketException: Connection reset
	at java.base/sun.nio.ch.SocketChannelImpl.throwConnectionReset(SocketChannelImpl.java:401)
	at java.base/sun.nio.ch.SocketChannelImpl.read(SocketChannelImpl.java:434)
	at io.netty.buffer.PooledByteBuf.setBytes(PooledByteBuf.java:254)
	at io.netty.buffer.AbstractByteBuf.writeBytes(AbstractByteBuf.java:1132)
	at io.netty.channel.socket.nio.NioSocketChannel.doReadBytes(NioSocketChannel.java:357)
	at io.netty.channel.nio.AbstractNioByteChannel$NioByteUnsafe.read(AbstractNioByteChannel.java:151)
	at io.netty.channel.nio.NioEventLoop.processSelectedKey(NioEventLoop.java:788)
	at io.netty.channel.nio.NioEventLoop.processSelectedKeysOptimized(NioEventLoop.java:724)
	at io.netty.channel.nio.NioEventLoop.processSelectedKeys(NioEventLoop.java:650)
	at io.netty.channel.nio.NioEventLoop.run(NioEventLoop.java:562)
	at io.netty.util.concurrent.SingleThreadEventExecutor$4.run(SingleThreadEventExecutor.java:997)
	at io.netty.util.internal.ThreadExecutorMap$2.run(ThreadExecutorMap.java:74)
	at io.netty.util.concurrent.FastThreadLocalRunnable.run(FastThreadLocalRunnable.java:30)
	at java.base/java.lang.Thread.run(Thread.java:1583)
2026-02-15 01:25:32 [INFO] Mapbot/Bridge/Registry - 服务器已注销: survival (剩余连接数: 0)
2026-02-15 01:25:32 [INFO] Mapbot/Bridge/Handler - 服务器断开连接: survival
2026-02-15 01:25:57 [INFO] Mapbot/Alpha - ==============================================
2026-02-15 01:25:57 [INFO] Mapbot/Alpha -   Mapbot Alpha V1 - 多服中枢
2026-02-15 01:25:57 [INFO] Mapbot/Alpha -   STEP 13: Reforged 功能完整移植版
2026-02-15 01:25:57 [INFO] Mapbot/Alpha - ==============================================
2026-02-15 01:25:57 [INFO] Mapbot/Config - 配置已加载: playerGroup=875585697, adminGroup=885810515, botQQ=2133782376, redisEnabled=true
2026-02-15 01:25:57 [INFO] Mapbot/Alpha - [CONFIG] 配置已加载
2026-02-15 01:25:57 [INFO] Mapbot/Redis - Redis 连接成功: PONG
2026-02-15 01:25:57 [INFO] c.mapbot.alpha.security.AuthManager - Bridge 鉴权已启用，允许 serverId 数量: 3
2026-02-15 01:25:57 [INFO] Mapbot/Redis - 已开始订阅频道: mapbot:auth:sync
2026-02-15 01:25:57 [INFO] c.mapbot.alpha.security.AuthManager - AuthManager Redis 同步已开启
2026-02-15 01:25:57 [INFO] Mapbot/Alpha - [AUTH] 认证管理器已初始化
2026-02-15 01:25:57 [INFO] Mapbot/Data - Redis 全量同步完成: bindings=2, names=0, mutes=0, perms=0, admins=1
2026-02-15 01:25:57 [INFO] Mapbot/Redis - 已开始订阅频道: mapbot:sync
2026-02-15 01:25:57 [INFO] Mapbot/Data - Redis 数据同步已开启
2026-02-15 01:25:57 [INFO] Mapbot/Data - 数据管理器初始化完成: 2 绑定, 0 玩家名, 0 禁言, 1 管理员
2026-02-15 01:25:57 [INFO] Mapbot/Alpha - [DATA] 数据管理器已初始化
2026-02-15 01:25:57 [INFO] Mapbot/Inbound - 命令系统初始化完成: 23 个命令
2026-02-15 01:25:57 [INFO] Mapbot/Alpha - [COMMAND] 命令系统已初始化
2026-02-15 01:25:58 [INFO] Mapbot/BotClient - 正在连接 OneBot: ws://127.0.0.1:7000
2026-02-15 01:25:58 [INFO] Mapbot/Alpha - [ONEBOT] 正在连接: ws://127.0.0.1:7000
2026-02-15 01:25:58 [INFO] Mapbot/Alpha - [NETWORK] 智能分流端口: 25560
2026-02-15 01:25:58 [INFO] Mapbot/Alpha - [NETWORK] Bridge 端口: 25661
2026-02-15 01:25:58 [INFO] Mapbot/Alpha - [NETWORK] MC 转发目标: 127.0.0.1:25570
2026-02-15 01:25:58 [INFO] Mapbot/BotClient - OneBot WebSocket 已打开
2026-02-15 01:25:58 [INFO] Mapbot/Inbound - OneBot 生命周期: connect
2026-02-15 01:25:58 [INFO] Mapbot/BotClient - OneBot 连接成功
2026-02-15 01:25:58 [INFO] Mapbot/Bridge - Bridge 服务器已启动，监听端口: 25661
2026-02-15 01:25:58 [INFO] Mapbot/Alpha - [BRIDGE] Bridge 服务器已启动: 25661
2026-02-15 01:25:58 [INFO] c.m.alpha.metrics.MetricsStorage - 已加载历史指标数据 (保存于 24 秒 前)
2026-02-15 01:25:58 [INFO] c.m.alpha.metrics.MetricsStorage - 指标存储已初始化
2026-02-15 01:25:58 [INFO] Mapbot/Alpha - [METRICS] 指标存储已加载
2026-02-15 01:25:58 [INFO] c.m.alpha.metrics.MetricsCollector - 性能指标收集器已启动
2026-02-15 01:25:58 [INFO] Mapbot/Alpha - [METRICS] 性能指标收集器已启动
2026-02-15 01:25:58 [INFO] Mapbot/Alpha - [SYSTEM] 核心已就绪，监听端口: 25560
2026-02-15 01:25:58 [INFO] Mapbot/Alpha - ==============================================
2026-02-15 01:27:32 [INFO] Mapbot/Alpha - ==============================================
2026-02-15 01:27:32 [INFO] Mapbot/Alpha -   Mapbot Alpha V1 - 多服中枢
2026-02-15 01:27:32 [INFO] Mapbot/Alpha -   STEP 13: Reforged 功能完整移植版
2026-02-15 01:27:32 [INFO] Mapbot/Alpha - ==============================================
2026-02-15 01:27:32 [INFO] Mapbot/Config - 配置已加载: playerGroup=875585697, adminGroup=885810515, botQQ=2133782376, redisEnabled=true
2026-02-15 01:27:32 [INFO] Mapbot/Alpha - [CONFIG] 配置已加载
2026-02-15 01:27:33 [INFO] Mapbot/Redis - Redis 连接成功: PONG
2026-02-15 01:27:33 [INFO] c.mapbot.alpha.security.AuthManager - Bridge 鉴权已启用，允许 serverId 数量: 3
2026-02-15 01:27:33 [INFO] Mapbot/Redis - 已开始订阅频道: mapbot:auth:sync
2026-02-15 01:27:33 [INFO] c.mapbot.alpha.security.AuthManager - AuthManager Redis 同步已开启
2026-02-15 01:27:33 [INFO] Mapbot/Alpha - [AUTH] 认证管理器已初始化
2026-02-15 01:27:33 [INFO] Mapbot/Data - Redis 全量同步完成: bindings=2, names=0, mutes=0, perms=0, admins=1
2026-02-15 01:27:33 [INFO] Mapbot/Redis - 已开始订阅频道: mapbot:sync
2026-02-15 01:27:33 [INFO] Mapbot/Data - Redis 数据同步已开启
2026-02-15 01:27:33 [INFO] Mapbot/Data - 数据管理器初始化完成: 2 绑定, 0 玩家名, 0 禁言, 1 管理员
2026-02-15 01:27:33 [INFO] Mapbot/Alpha - [DATA] 数据管理器已初始化
2026-02-15 01:27:33 [INFO] Mapbot/Inbound - 命令系统初始化完成: 23 个命令
2026-02-15 01:27:33 [INFO] Mapbot/Alpha - [COMMAND] 命令系统已初始化
2026-02-15 01:27:33 [INFO] Mapbot/BotClient - 正在连接 OneBot: ws://127.0.0.1:7000
2026-02-15 01:27:33 [INFO] Mapbot/Alpha - [ONEBOT] 正在连接: ws://127.0.0.1:7000
2026-02-15 01:27:33 [INFO] Mapbot/Alpha - [NETWORK] 智能分流端口: 25560
2026-02-15 01:27:33 [INFO] Mapbot/Alpha - [NETWORK] Bridge 端口: 25661
2026-02-15 01:27:33 [INFO] Mapbot/Alpha - [NETWORK] MC 转发目标: 127.0.0.1:25570
2026-02-15 01:27:33 [INFO] Mapbot/BotClient - OneBot WebSocket 已打开
2026-02-15 01:27:33 [INFO] Mapbot/Inbound - OneBot 生命周期: connect
2026-02-15 01:27:33 [INFO] Mapbot/BotClient - OneBot 连接成功
2026-02-15 01:27:33 [INFO] Mapbot/Bridge - Bridge 服务器已启动，监听端口: 25661
2026-02-15 01:27:33 [INFO] Mapbot/Alpha - [BRIDGE] Bridge 服务器已启动: 25661
2026-02-15 01:27:33 [INFO] c.m.alpha.metrics.MetricsStorage - 已加载历史指标数据 (保存于 1 分钟 前)
2026-02-15 01:27:33 [INFO] c.m.alpha.metrics.MetricsStorage - 指标存储已初始化
2026-02-15 01:27:33 [INFO] Mapbot/Alpha - [METRICS] 指标存储已加载
2026-02-15 01:27:33 [INFO] c.m.alpha.metrics.MetricsCollector - 性能指标收集器已启动
2026-02-15 01:27:33 [INFO] Mapbot/Alpha - [METRICS] 性能指标收集器已启动
2026-02-15 01:27:33 [INFO] Mapbot/Alpha - [SYSTEM] 核心已就绪，监听端口: 25560
2026-02-15 01:27:33 [INFO] Mapbot/Alpha - ==============================================
2026-02-15 01:31:04 [INFO] Mapbot/Alpha - ==============================================
2026-02-15 01:31:04 [INFO] Mapbot/Alpha -   Mapbot Alpha V1 - 多服中枢
2026-02-15 01:31:04 [INFO] Mapbot/Alpha -   STEP 13: Reforged 功能完整移植版
2026-02-15 01:31:04 [INFO] Mapbot/Alpha - ==============================================
2026-02-15 01:31:04 [INFO] Mapbot/Config - 配置已加载: playerGroup=875585697, adminGroup=885810515, botQQ=2133782376, redisEnabled=true
2026-02-15 01:31:04 [INFO] Mapbot/Alpha - [CONFIG] 配置已加载
2026-02-15 01:31:04 [INFO] Mapbot/Redis - Redis 连接成功: PONG
2026-02-15 01:31:04 [INFO] c.mapbot.alpha.security.AuthManager - Bridge 鉴权已启用，允许 serverId 数量: 3
2026-02-15 01:31:04 [INFO] Mapbot/Redis - 已开始订阅频道: mapbot:auth:sync
2026-02-15 01:31:04 [INFO] c.mapbot.alpha.security.AuthManager - AuthManager Redis 同步已开启
2026-02-15 01:31:04 [INFO] Mapbot/Alpha - [AUTH] 认证管理器已初始化
2026-02-15 01:31:04 [INFO] Mapbot/Data - Redis 全量同步完成: bindings=2, names=0, mutes=0, perms=0, admins=1
2026-02-15 01:31:04 [INFO] Mapbot/Redis - 已开始订阅频道: mapbot:sync
2026-02-15 01:31:04 [INFO] Mapbot/Data - Redis 数据同步已开启
2026-02-15 01:31:04 [INFO] Mapbot/Data - 数据管理器初始化完成: 2 绑定, 0 玩家名, 0 禁言, 1 管理员
2026-02-15 01:31:04 [INFO] Mapbot/Alpha - [DATA] 数据管理器已初始化
2026-02-15 01:31:04 [INFO] Mapbot/Inbound - 命令系统初始化完成: 23 个命令
2026-02-15 01:31:04 [INFO] Mapbot/Alpha - [COMMAND] 命令系统已初始化
2026-02-15 01:31:05 [INFO] Mapbot/BotClient - 正在连接 OneBot: ws://127.0.0.1:7000
2026-02-15 01:31:05 [INFO] Mapbot/Alpha - [ONEBOT] 正在连接: ws://127.0.0.1:7000
2026-02-15 01:31:05 [INFO] Mapbot/Alpha - [NETWORK] 智能分流端口: 25560
2026-02-15 01:31:05 [INFO] Mapbot/Alpha - [NETWORK] Bridge 端口: 25661
2026-02-15 01:31:05 [INFO] Mapbot/Alpha - [NETWORK] MC 转发目标: 127.0.0.1:25570
2026-02-15 01:31:05 [INFO] Mapbot/BotClient - OneBot WebSocket 已打开
2026-02-15 01:31:05 [INFO] Mapbot/Inbound - OneBot 生命周期: connect
2026-02-15 01:31:05 [INFO] Mapbot/BotClient - OneBot 连接成功
2026-02-15 01:31:05 [INFO] Mapbot/Bridge - Bridge 服务器已启动，监听端口: 25661
2026-02-15 01:31:05 [INFO] Mapbot/Alpha - [BRIDGE] Bridge 服务器已启动: 25661
2026-02-15 01:31:05 [INFO] c.m.alpha.metrics.MetricsStorage - 已加载历史指标数据 (保存于 2 分钟 前)
2026-02-15 01:31:05 [INFO] c.m.alpha.metrics.MetricsStorage - 指标存储已初始化
2026-02-15 01:31:05 [INFO] Mapbot/Alpha - [METRICS] 指标存储已加载
2026-02-15 01:31:05 [INFO] c.m.alpha.metrics.MetricsCollector - 性能指标收集器已启动
2026-02-15 01:31:05 [INFO] Mapbot/Alpha - [METRICS] 性能指标收集器已启动
2026-02-15 01:31:05 [INFO] Mapbot/Alpha - [SYSTEM] 核心已就绪，监听端口: 25560
2026-02-15 01:31:05 [INFO] Mapbot/Alpha - ==============================================
2026-02-15 01:31:39 [INFO] Mapbot/Bridge/Handler - 新的 Bridge 连接: /127.0.0.1:9999
2026-02-15 01:31:39 [INFO] Mapbot/Bridge - Bridge 注册鉴权通过: survival (/127.0.0.1:9999)
2026-02-15 01:31:39 [INFO] Mapbot/Bridge/Registry - 服务器已注册: survival (当前连接数: 1)
2026-02-15 01:31:39 [INFO] Mapbot/Bridge/Handler - 服务器已注册: survival (版本: 1.0)
2026-02-15 01:31:39 [INFO] Mapbot/Data - Redis 全量同步完成: bindings=2, names=1, mutes=0, perms=0, admins=1
2026-02-15 01:31:39 [INFO] Mapbot/Data - Redis 全量同步完成: bindings=2, names=2, mutes=0, perms=0, admins=1
2026-02-15 01:31:39 [INFO] Mapbot/Bridge/Proxy - 白名单快照同步完成: serverId=survival, success=0, skipped=0, failed=2
2026-02-15 01:33:09 [INFO] Mapbot/Data - Redis 全量同步完成: bindings=1, names=1, mutes=0, perms=0, admins=1
2026-02-15 01:33:15 [INFO] Mapbot/Data - Redis 全量同步完成: bindings=2, names=2, mutes=0, perms=0, admins=1
2026-02-15 01:33:15 [INFO] Mapbot/Bridge/Proxy - fan-out 完成: action=whitelist_add, 完成 1/1
2026-02-15 01:33:15 [INFO] Mapbot/Bridge/Proxy - 白名单同步成功: player=Kawaii_Milk_awa, success=1/1
2026-02-15 01:33:15 [INFO] Mapbot/Bridge/Proxy - 绑定完成: qq=3860373742, uuid=8209e0b4-c525-34c6-b898-8750060756f1, name=Kawaii_Milk_awa
2026-02-15 01:34:20 [INFO] Mapbot/Bridge/Handler - 新的 Bridge 连接: /127.0.0.1:11227
2026-02-15 01:34:20 [INFO] Mapbot/Bridge - Bridge 注册鉴权通过: creative (/127.0.0.1:11227)
2026-02-15 01:34:20 [INFO] Mapbot/Bridge/Registry - 服务器已注册: creative (当前连接数: 2)
2026-02-15 01:34:20 [INFO] Mapbot/Bridge/Handler - 服务器已注册: creative (版本: 1.0)
2026-02-15 01:34:20 [INFO] Mapbot/Bridge/Handler - 服务器转移地址: creative -> 127.0.0.1:25562
2026-02-15 01:34:30 [INFO] Mapbot/Bridge/Proxy - 白名单快照同步完成: serverId=creative, success=0, skipped=0, failed=2
2026-02-15 02:12:05 [INFO] Mapbot/Alpha - ==============================================
2026-02-15 02:12:05 [INFO] Mapbot/Alpha -   Mapbot Alpha V1 - 多服中枢
2026-02-15 02:12:05 [INFO] Mapbot/Alpha -   STEP 13: Reforged 功能完整移植版
2026-02-15 02:12:05 [INFO] Mapbot/Alpha - ==============================================
2026-02-15 02:12:05 [INFO] Mapbot/Config - 配置已加载: playerGroup=875585697, adminGroup=885810515, botQQ=2133782376, redisEnabled=true
2026-02-15 02:12:05 [INFO] Mapbot/Alpha - [CONFIG] 配置已加载
2026-02-15 02:12:06 [INFO] Mapbot/Redis - Redis 连接成功: PONG
2026-02-15 02:12:06 [INFO] c.mapbot.alpha.security.AuthManager - Bridge 鉴权已启用，允许 serverId 数量: 3
2026-02-15 02:12:06 [INFO] Mapbot/Redis - 已开始订阅频道: mapbot:auth:sync
2026-02-15 02:12:06 [INFO] c.mapbot.alpha.security.AuthManager - AuthManager Redis 同步已开启
2026-02-15 02:12:06 [INFO] Mapbot/Alpha - [AUTH] 认证管理器已初始化
2026-02-15 02:12:06 [INFO] Mapbot/Data - Redis 全量同步完成: bindings=2, names=2, mutes=0, perms=0, admins=1
2026-02-15 02:12:06 [INFO] Mapbot/Redis - 已开始订阅频道: mapbot:sync
2026-02-15 02:12:06 [INFO] Mapbot/Data - Redis 数据同步已开启
2026-02-15 02:12:06 [INFO] Mapbot/Data - 数据管理器初始化完成: 2 绑定, 2 玩家名, 0 禁言, 1 管理员
2026-02-15 02:12:06 [INFO] Mapbot/Alpha - [DATA] 数据管理器已初始化
2026-02-15 02:12:06 [INFO] Mapbot/Inbound - 命令系统初始化完成: 23 个命令
2026-02-15 02:12:06 [INFO] Mapbot/Alpha - [COMMAND] 命令系统已初始化
2026-02-15 02:12:06 [INFO] Mapbot/BotClient - 正在连接 OneBot: ws://127.0.0.1:7000
2026-02-15 02:12:06 [INFO] Mapbot/Alpha - [ONEBOT] 正在连接: ws://127.0.0.1:7000
2026-02-15 02:12:06 [INFO] Mapbot/Alpha - [NETWORK] 智能分流端口: 25560
2026-02-15 02:12:06 [INFO] Mapbot/Alpha - [NETWORK] Bridge 端口: 25661
2026-02-15 02:12:06 [INFO] Mapbot/Alpha - [NETWORK] MC 转发目标: 127.0.0.1:25570
2026-02-15 02:12:06 [INFO] Mapbot/BotClient - OneBot WebSocket 已打开
2026-02-15 02:12:06 [INFO] Mapbot/Inbound - OneBot 生命周期: connect
2026-02-15 02:12:06 [INFO] Mapbot/BotClient - OneBot 连接成功
2026-02-15 02:12:07 [INFO] Mapbot/Bridge - Bridge 服务器已启动，监听端口: 25661
2026-02-15 02:12:07 [INFO] Mapbot/Alpha - [BRIDGE] Bridge 服务器已启动: 25661
2026-02-15 02:12:07 [INFO] c.m.alpha.metrics.MetricsStorage - 已加载历史指标数据 (保存于 2 分钟 前)
2026-02-15 02:12:07 [INFO] c.m.alpha.metrics.MetricsStorage - 指标存储已初始化
2026-02-15 02:12:07 [INFO] Mapbot/Alpha - [METRICS] 指标存储已加载
2026-02-15 02:12:07 [INFO] c.m.alpha.metrics.MetricsCollector - 性能指标收集器已启动
2026-02-15 02:12:07 [INFO] Mapbot/Alpha - [METRICS] 性能指标收集器已启动
2026-02-15 02:12:07 [INFO] Mapbot/Alpha - [SYSTEM] 核心已就绪，监听端口: 25560
2026-02-15 02:12:07 [INFO] Mapbot/Alpha - ==============================================
2026-02-15 02:12:40 [INFO] Mapbot/Bridge/Handler - 新的 Bridge 连接: /127.0.0.1:11507
2026-02-15 02:12:40 [INFO] Mapbot/Bridge - Bridge 注册鉴权通过: survival (/127.0.0.1:11507)
2026-02-15 02:12:40 [INFO] Mapbot/Bridge/Registry - 服务器已注册: survival (当前连接数: 1)
2026-02-15 02:12:40 [INFO] Mapbot/Bridge/Handler - 服务器已注册: survival (版本: 1.0)
2026-02-15 02:12:40 [INFO] Mapbot/Bridge/Proxy - 白名单快照同步完成: serverId=survival, success=0, skipped=0, failed=2
2026-02-15 02:12:48 [INFO] Mapbot/Bridge/Handler - 新的 Bridge 连接: /127.0.0.1:11519
2026-02-15 02:12:48 [INFO] Mapbot/Bridge - Bridge 注册鉴权通过: creative (/127.0.0.1:11519)
2026-02-15 02:12:48 [INFO] Mapbot/Bridge/Registry - 服务器已注册: creative (当前连接数: 2)
2026-02-15 02:12:48 [INFO] Mapbot/Bridge/Handler - 服务器已注册: creative (版本: 1.0)
2026-02-15 02:12:48 [INFO] Mapbot/Bridge/Handler - 服务器转移地址: creative -> 127.0.0.1:25562
2026-02-15 02:12:57 [INFO] Mapbot/Bridge/Proxy - 白名单快照同步完成: serverId=creative, success=0, skipped=0, failed=2
2026-02-15 02:13:16 [INFO] Mapbot/Bridge/Proxy - fan-out 完成: action=get_players, 完成 2/2
2026-02-15 02:13:30 [INFO] Mapbot/Alpha - [SYSTEM] 收到控制台停止指令: stop
2026-02-15 02:13:30 [INFO] Mapbot/Alpha - [SYSTEM] 正在关闭，保存数据...
2026-02-15 02:13:30 [INFO] Mapbot/Redis - Redis 连接池已关闭
2026-02-15 02:13:36 [INFO] Mapbot/Alpha - ==============================================
2026-02-15 02:13:36 [INFO] Mapbot/Alpha -   Mapbot Alpha V1 - 多服中枢
2026-02-15 02:13:36 [INFO] Mapbot/Alpha -   STEP 13: Reforged 功能完整移植版
2026-02-15 02:13:36 [INFO] Mapbot/Alpha - ==============================================
2026-02-15 02:13:36 [INFO] Mapbot/Config - 配置已加载: playerGroup=875585697, adminGroup=885810515, botQQ=2133782376, redisEnabled=true
2026-02-15 02:13:36 [INFO] Mapbot/Alpha - [CONFIG] 配置已加载
2026-02-15 02:13:36 [INFO] Mapbot/Redis - Redis 连接成功: PONG
2026-02-15 02:13:37 [INFO] c.mapbot.alpha.security.AuthManager - Bridge 鉴权已启用，允许 serverId 数量: 3
2026-02-15 02:13:37 [INFO] c.mapbot.alpha.security.AuthManager - 已加载 1 个用户
2026-02-15 02:13:37 [INFO] Mapbot/Redis - 已开始订阅频道: mapbot:auth:sync
2026-02-15 02:13:37 [INFO] c.mapbot.alpha.security.AuthManager - AuthManager Redis 同步已开启
2026-02-15 02:13:37 [INFO] Mapbot/Alpha - [AUTH] 认证管理器已初始化
2026-02-15 02:13:37 [INFO] Mapbot/Data - Redis 全量同步完成: bindings=2, names=2, mutes=0, perms=0, admins=1
2026-02-15 02:13:37 [INFO] Mapbot/Redis - 已开始订阅频道: mapbot:sync
2026-02-15 02:13:37 [INFO] Mapbot/Data - Redis 数据同步已开启
2026-02-15 02:13:37 [INFO] Mapbot/Data - 数据管理器初始化完成: 2 绑定, 2 玩家名, 0 禁言, 1 管理员
2026-02-15 02:13:37 [INFO] Mapbot/Alpha - [DATA] 数据管理器已初始化
2026-02-15 02:13:37 [INFO] Mapbot/Inbound - 命令系统初始化完成: 23 个命令
2026-02-15 02:13:37 [INFO] Mapbot/Alpha - [COMMAND] 命令系统已初始化
2026-02-15 02:13:37 [INFO] Mapbot/BotClient - 正在连接 OneBot: ws://127.0.0.1:7000
2026-02-15 02:13:37 [INFO] Mapbot/Alpha - [ONEBOT] 正在连接: ws://127.0.0.1:7000
2026-02-15 02:13:37 [INFO] Mapbot/Alpha - [NETWORK] 智能分流端口: 25560
2026-02-15 02:13:37 [INFO] Mapbot/Alpha - [NETWORK] Bridge 端口: 25661
2026-02-15 02:13:37 [INFO] Mapbot/Alpha - [NETWORK] MC 转发目标: 127.0.0.1:25570
2026-02-15 02:13:37 [INFO] Mapbot/BotClient - OneBot WebSocket 已打开
2026-02-15 02:13:37 [INFO] Mapbot/Inbound - OneBot 生命周期: connect
2026-02-15 02:13:37 [INFO] Mapbot/BotClient - OneBot 连接成功
2026-02-15 02:13:37 [INFO] Mapbot/Bridge - Bridge 服务器已启动，监听端口: 25661
2026-02-15 02:13:37 [INFO] Mapbot/Alpha - [BRIDGE] Bridge 服务器已启动: 25661
2026-02-15 02:13:37 [INFO] c.m.alpha.metrics.MetricsStorage - 已加载历史指标数据 (保存于 6 秒 前)
2026-02-15 02:13:37 [INFO] c.m.alpha.metrics.MetricsStorage - 指标存储已初始化
2026-02-15 02:13:37 [INFO] Mapbot/Alpha - [METRICS] 指标存储已加载
2026-02-15 02:13:37 [INFO] c.m.alpha.metrics.MetricsCollector - 性能指标收集器已启动
2026-02-15 02:13:37 [INFO] Mapbot/Alpha - [METRICS] 性能指标收集器已启动
2026-02-15 02:13:37 [INFO] Mapbot/Alpha - [SYSTEM] 核心已就绪，监听端口: 25560
2026-02-15 02:13:37 [INFO] Mapbot/Alpha - ==============================================
2026-02-15 02:13:40 [INFO] Mapbot/Bridge/Handler - 新的 Bridge 连接: /127.0.0.1:11594
2026-02-15 02:13:40 [INFO] Mapbot/Bridge/Handler - 新的 Bridge 连接: /127.0.0.1:11595
2026-02-15 02:13:40 [INFO] Mapbot/Bridge - Bridge 注册鉴权通过: survival (/127.0.0.1:11594)
2026-02-15 02:13:40 [INFO] Mapbot/Bridge - Bridge 注册鉴权通过: creative (/127.0.0.1:11595)
2026-02-15 02:13:40 [INFO] Mapbot/Bridge/Registry - 服务器已注册: creative (当前连接数: 2)
2026-02-15 02:13:40 [INFO] Mapbot/Bridge/Registry - 服务器已注册: survival (当前连接数: 1)
2026-02-15 02:13:40 [INFO] Mapbot/Bridge/Handler - 服务器已注册: creative (版本: 1.0)
2026-02-15 02:13:40 [INFO] Mapbot/Bridge/Handler - 服务器已注册: survival (版本: 1.0)
2026-02-15 02:13:40 [INFO] Mapbot/Bridge/Handler - 服务器转移地址: creative -> 127.0.0.1:25562
2026-02-15 02:13:40 [INFO] Mapbot/Bridge/Proxy - 白名单快照同步完成: serverId=survival, success=0, skipped=0, failed=2
2026-02-15 02:13:41 [INFO] Mapbot/Bridge/Proxy - 白名单快照同步完成: serverId=creative, success=0, skipped=0, failed=2
